2024-10-05 18:53:48,879 - INFO - ====== WebDriver manager ======
2024-10-05 18:53:49,033 - INFO - Get LATEST chromedriver version for google-chrome
2024-10-05 18:53:49,098 - INFO - Get LATEST chromedriver version for google-chrome
2024-10-05 18:53:49,160 - INFO - Driver [/Users/odessialiu/.wdm/drivers/chromedriver/mac64/129.0.6668.89/chromedriver-mac-arm64/chromedriver] found in cache
2024-10-05 18:53:50,962 - INFO - Scraping reviews for book with Goodreads ID: 61363164-evita
2024-10-05 18:53:57,923 - INFO - Saved 8 reviews for book ID: 61363164-evita to Data/Reviews_Scraped/Raw/61363164-evita_reviews.csv
2024-10-05 18:53:57,931 - INFO - No 'Show more reviews' button found, all reviews are loaded.
2024-10-05 18:54:15,641 - INFO - Scraping reviews for book with Goodreads ID: 59551313-golden-boy
2024-10-05 18:54:20,624 - INFO - Saved 30 reviews for book ID: 59551313-golden-boy to Data/Reviews_Scraped/Raw/59551313-golden-boy_reviews.csv
2024-10-05 18:54:23,800 - INFO - Saved 10 reviews for book ID: 59551313-golden-boy to Data/Reviews_Scraped/Raw/59551313-golden-boy_reviews.csv
2024-10-05 18:54:23,806 - INFO - No 'Show more reviews' button found, all reviews are loaded.
2024-10-05 18:54:43,103 - INFO - Scraping reviews for book with Goodreads ID: 61363154-ms-davis
2024-10-05 18:54:47,540 - INFO - Saved 30 reviews for book ID: 61363154-ms-davis to Data/Reviews_Scraped/Raw/61363154-ms-davis_reviews.csv
2024-10-05 18:54:50,868 - INFO - Saved 30 reviews for book ID: 61363154-ms-davis to Data/Reviews_Scraped/Raw/61363154-ms-davis_reviews.csv
2024-10-05 18:54:54,186 - INFO - Saved 20 reviews for book ID: 61363154-ms-davis to Data/Reviews_Scraped/Raw/61363154-ms-davis_reviews.csv
2024-10-05 18:54:54,194 - INFO - No 'Show more reviews' button found, all reviews are loaded.
2024-10-05 18:55:11,271 - INFO - Scraping reviews for book with Goodreads ID: 54571511-ana-s-nin---sur-la-mer-des-mensonges
2024-10-05 18:55:16,445 - INFO - Saved 29 reviews for book ID: 54571511-ana-s-nin---sur-la-mer-des-mensonges to Data/Reviews_Scraped/Raw/54571511-ana-s-nin---sur-la-mer-des-mensonges_reviews.csv
2024-10-05 18:55:19,681 - INFO - Saved 30 reviews for book ID: 54571511-ana-s-nin---sur-la-mer-des-mensonges to Data/Reviews_Scraped/Raw/54571511-ana-s-nin---sur-la-mer-des-mensonges_reviews.csv
2024-10-05 18:55:23,055 - INFO - Saved 30 reviews for book ID: 54571511-ana-s-nin---sur-la-mer-des-mensonges to Data/Reviews_Scraped/Raw/54571511-ana-s-nin---sur-la-mer-des-mensonges_reviews.csv
2024-10-05 18:55:26,533 - INFO - Saved 30 reviews for book ID: 54571511-ana-s-nin---sur-la-mer-des-mensonges to Data/Reviews_Scraped/Raw/54571511-ana-s-nin---sur-la-mer-des-mensonges_reviews.csv
2024-10-05 18:55:30,097 - INFO - Saved 30 reviews for book ID: 54571511-ana-s-nin---sur-la-mer-des-mensonges to Data/Reviews_Scraped/Raw/54571511-ana-s-nin---sur-la-mer-des-mensonges_reviews.csv
2024-10-05 18:55:33,766 - INFO - Saved 30 reviews for book ID: 54571511-ana-s-nin---sur-la-mer-des-mensonges to Data/Reviews_Scraped/Raw/54571511-ana-s-nin---sur-la-mer-des-mensonges_reviews.csv
2024-10-05 18:55:37,508 - INFO - Saved 30 reviews for book ID: 54571511-ana-s-nin---sur-la-mer-des-mensonges to Data/Reviews_Scraped/Raw/54571511-ana-s-nin---sur-la-mer-des-mensonges_reviews.csv
2024-10-05 18:55:41,416 - INFO - Saved 30 reviews for book ID: 54571511-ana-s-nin---sur-la-mer-des-mensonges to Data/Reviews_Scraped/Raw/54571511-ana-s-nin---sur-la-mer-des-mensonges_reviews.csv
2024-10-05 18:55:45,433 - INFO - Saved 30 reviews for book ID: 54571511-ana-s-nin---sur-la-mer-des-mensonges to Data/Reviews_Scraped/Raw/54571511-ana-s-nin---sur-la-mer-des-mensonges_reviews.csv
2024-10-05 18:55:49,535 - INFO - Saved 30 reviews for book ID: 54571511-ana-s-nin---sur-la-mer-des-mensonges to Data/Reviews_Scraped/Raw/54571511-ana-s-nin---sur-la-mer-des-mensonges_reviews.csv
2024-10-05 18:55:53,889 - INFO - Saved 30 reviews for book ID: 54571511-ana-s-nin---sur-la-mer-des-mensonges to Data/Reviews_Scraped/Raw/54571511-ana-s-nin---sur-la-mer-des-mensonges_reviews.csv
2024-10-05 18:55:58,393 - INFO - Saved 30 reviews for book ID: 54571511-ana-s-nin---sur-la-mer-des-mensonges to Data/Reviews_Scraped/Raw/54571511-ana-s-nin---sur-la-mer-des-mensonges_reviews.csv
2024-10-05 18:56:02,995 - INFO - Saved 30 reviews for book ID: 54571511-ana-s-nin---sur-la-mer-des-mensonges to Data/Reviews_Scraped/Raw/54571511-ana-s-nin---sur-la-mer-des-mensonges_reviews.csv
2024-10-05 18:56:08,302 - INFO - Saved 30 reviews for book ID: 54571511-ana-s-nin---sur-la-mer-des-mensonges to Data/Reviews_Scraped/Raw/54571511-ana-s-nin---sur-la-mer-des-mensonges_reviews.csv
2024-10-05 18:56:13,266 - INFO - Saved 30 reviews for book ID: 54571511-ana-s-nin---sur-la-mer-des-mensonges to Data/Reviews_Scraped/Raw/54571511-ana-s-nin---sur-la-mer-des-mensonges_reviews.csv
2024-10-05 18:56:18,100 - INFO - Saved 30 reviews for book ID: 54571511-ana-s-nin---sur-la-mer-des-mensonges to Data/Reviews_Scraped/Raw/54571511-ana-s-nin---sur-la-mer-des-mensonges_reviews.csv
2024-10-05 18:56:23,257 - INFO - Saved 30 reviews for book ID: 54571511-ana-s-nin---sur-la-mer-des-mensonges to Data/Reviews_Scraped/Raw/54571511-ana-s-nin---sur-la-mer-des-mensonges_reviews.csv
2024-10-05 18:56:28,513 - INFO - Saved 30 reviews for book ID: 54571511-ana-s-nin---sur-la-mer-des-mensonges to Data/Reviews_Scraped/Raw/54571511-ana-s-nin---sur-la-mer-des-mensonges_reviews.csv
2024-10-05 18:56:33,763 - INFO - Saved 23 reviews for book ID: 54571511-ana-s-nin---sur-la-mer-des-mensonges to Data/Reviews_Scraped/Raw/54571511-ana-s-nin---sur-la-mer-des-mensonges_reviews.csv
2024-10-05 18:56:33,782 - INFO - No 'Show more reviews' button found, all reviews are loaded.
2024-10-05 18:56:52,987 - INFO - Scraping reviews for book with Goodreads ID: 199451852-delights
2024-10-05 18:56:57,439 - INFO - Saved 5 reviews for book ID: 199451852-delights to Data/Reviews_Scraped/Raw/199451852-delights_reviews.csv
2024-10-05 18:56:57,444 - INFO - No 'Show more reviews' button found, all reviews are loaded.
2024-10-05 18:57:13,728 - INFO - Scraping reviews for book with Goodreads ID: 50022132-i-know-what-i-am
2024-10-05 18:57:19,388 - INFO - Saved 30 reviews for book ID: 50022132-i-know-what-i-am to Data/Reviews_Scraped/Raw/50022132-i-know-what-i-am_reviews.csv
2024-10-05 18:57:22,603 - INFO - Saved 29 reviews for book ID: 50022132-i-know-what-i-am to Data/Reviews_Scraped/Raw/50022132-i-know-what-i-am_reviews.csv
2024-10-05 18:57:25,961 - INFO - Saved 30 reviews for book ID: 50022132-i-know-what-i-am to Data/Reviews_Scraped/Raw/50022132-i-know-what-i-am_reviews.csv
2024-10-05 18:57:29,363 - INFO - Saved 30 reviews for book ID: 50022132-i-know-what-i-am to Data/Reviews_Scraped/Raw/50022132-i-know-what-i-am_reviews.csv
2024-10-05 18:57:32,846 - INFO - Saved 17 reviews for book ID: 50022132-i-know-what-i-am to Data/Reviews_Scraped/Raw/50022132-i-know-what-i-am_reviews.csv
2024-10-05 18:57:32,852 - INFO - No 'Show more reviews' button found, all reviews are loaded.
2024-10-05 18:57:47,313 - INFO - Scraping reviews for book with Goodreads ID: 58558353-life-of-che
2024-10-05 18:57:52,594 - INFO - Saved 30 reviews for book ID: 58558353-life-of-che to Data/Reviews_Scraped/Raw/58558353-life-of-che_reviews.csv
2024-10-05 18:57:55,821 - INFO - Saved 19 reviews for book ID: 58558353-life-of-che to Data/Reviews_Scraped/Raw/58558353-life-of-che_reviews.csv
2024-10-05 18:57:55,827 - INFO - No 'Show more reviews' button found, all reviews are loaded.
2024-10-05 18:58:07,804 - INFO - Scraping reviews for book with Goodreads ID: 38458481-memorabilia
2024-10-05 18:58:13,281 - INFO - Saved 9 reviews for book ID: 38458481-memorabilia to Data/Reviews_Scraped/Raw/38458481-memorabilia_reviews.csv
2024-10-05 18:58:13,285 - INFO - No 'Show more reviews' button found, all reviews are loaded.
2024-10-05 18:58:27,608 - INFO - Scraping reviews for book with Goodreads ID: 30341584-john-stanley
2024-10-05 18:58:31,893 - INFO - Saved 2 reviews for book ID: 30341584-john-stanley to Data/Reviews_Scraped/Raw/30341584-john-stanley_reviews.csv
2024-10-05 18:58:31,898 - INFO - No 'Show more reviews' button found, all reviews are loaded.
2024-10-05 18:58:51,845 - INFO - Scraping reviews for book with Goodreads ID: 61363155-we-re-all-just-fine
2024-10-05 18:58:56,848 - INFO - Saved 30 reviews for book ID: 61363155-we-re-all-just-fine to Data/Reviews_Scraped/Raw/61363155-we-re-all-just-fine_reviews.csv
2024-10-05 18:59:00,102 - INFO - Saved 30 reviews for book ID: 61363155-we-re-all-just-fine to Data/Reviews_Scraped/Raw/61363155-we-re-all-just-fine_reviews.csv
2024-10-05 18:59:03,415 - INFO - Saved 30 reviews for book ID: 61363155-we-re-all-just-fine to Data/Reviews_Scraped/Raw/61363155-we-re-all-just-fine_reviews.csv
2024-10-05 18:59:06,937 - INFO - Saved 30 reviews for book ID: 61363155-we-re-all-just-fine to Data/Reviews_Scraped/Raw/61363155-we-re-all-just-fine_reviews.csv
2024-10-05 18:59:10,483 - INFO - Saved 30 reviews for book ID: 61363155-we-re-all-just-fine to Data/Reviews_Scraped/Raw/61363155-we-re-all-just-fine_reviews.csv
2024-10-05 18:59:14,090 - INFO - Saved 30 reviews for book ID: 61363155-we-re-all-just-fine to Data/Reviews_Scraped/Raw/61363155-we-re-all-just-fine_reviews.csv
2024-10-05 18:59:17,883 - INFO - Saved 30 reviews for book ID: 61363155-we-re-all-just-fine to Data/Reviews_Scraped/Raw/61363155-we-re-all-just-fine_reviews.csv
2024-10-05 18:59:21,687 - INFO - Saved 30 reviews for book ID: 61363155-we-re-all-just-fine to Data/Reviews_Scraped/Raw/61363155-we-re-all-just-fine_reviews.csv
2024-10-05 18:59:25,523 - INFO - Saved 8 reviews for book ID: 61363155-we-re-all-just-fine to Data/Reviews_Scraped/Raw/61363155-we-re-all-just-fine_reviews.csv
2024-10-05 18:59:25,532 - INFO - No 'Show more reviews' button found, all reviews are loaded.
2024-10-05 18:59:25,532 - INFO - Restarting WebDriver...
2024-10-05 18:59:31,029 - INFO - ====== WebDriver manager ======
2024-10-05 18:59:31,165 - INFO - Get LATEST chromedriver version for google-chrome
2024-10-05 18:59:31,240 - INFO - Get LATEST chromedriver version for google-chrome
2024-10-05 18:59:31,307 - INFO - Driver [/Users/odessialiu/.wdm/drivers/chromedriver/mac64/129.0.6668.89/chromedriver-mac-arm64/chromedriver] found in cache
2024-10-05 18:59:47,541 - INFO - Scraping reviews for book with Goodreads ID: 42038564-winter-warrior
2024-10-05 18:59:55,437 - INFO - Saved 10 reviews for book ID: 42038564-winter-warrior to Data/Reviews_Scraped/Raw/42038564-winter-warrior_reviews.csv
2024-10-05 18:59:55,453 - INFO - No 'Show more reviews' button found, all reviews are loaded.
2024-10-05 19:00:06,136 - INFO - Scraping reviews for book with Goodreads ID: 34445181-johnny-appleseed
2024-10-05 19:00:11,482 - INFO - Saved 30 reviews for book ID: 34445181-johnny-appleseed to Data/Reviews_Scraped/Raw/34445181-johnny-appleseed_reviews.csv
2024-10-05 19:00:14,651 - INFO - Saved 15 reviews for book ID: 34445181-johnny-appleseed to Data/Reviews_Scraped/Raw/34445181-johnny-appleseed_reviews.csv
2024-10-05 19:00:14,668 - INFO - No 'Show more reviews' button found, all reviews are loaded.
2024-10-05 19:00:32,740 - INFO - Scraping reviews for book with Goodreads ID: 32191895-the-ladies-in-waiting
2024-10-05 19:00:37,302 - INFO - Saved 30 reviews for book ID: 32191895-the-ladies-in-waiting to Data/Reviews_Scraped/Raw/32191895-the-ladies-in-waiting_reviews.csv
2024-10-05 19:00:40,551 - INFO - Saved 30 reviews for book ID: 32191895-the-ladies-in-waiting to Data/Reviews_Scraped/Raw/32191895-the-ladies-in-waiting_reviews.csv
2024-10-05 19:00:43,915 - INFO - Saved 30 reviews for book ID: 32191895-the-ladies-in-waiting to Data/Reviews_Scraped/Raw/32191895-the-ladies-in-waiting_reviews.csv
2024-10-05 19:00:47,382 - INFO - Saved 28 reviews for book ID: 32191895-the-ladies-in-waiting to Data/Reviews_Scraped/Raw/32191895-the-ladies-in-waiting_reviews.csv
2024-10-05 19:00:47,388 - INFO - No 'Show more reviews' button found, all reviews are loaded.
2024-10-05 19:01:00,804 - INFO - Scraping reviews for book with Goodreads ID: 14475543-the-hypo
2024-10-05 19:01:05,842 - INFO - Saved 30 reviews for book ID: 14475543-the-hypo to Data/Reviews_Scraped/Raw/14475543-the-hypo_reviews.csv
2024-10-05 19:01:09,077 - INFO - Saved 30 reviews for book ID: 14475543-the-hypo to Data/Reviews_Scraped/Raw/14475543-the-hypo_reviews.csv
2024-10-05 19:01:12,419 - INFO - Saved 30 reviews for book ID: 14475543-the-hypo to Data/Reviews_Scraped/Raw/14475543-the-hypo_reviews.csv
2024-10-05 19:01:15,854 - INFO - Saved 30 reviews for book ID: 14475543-the-hypo to Data/Reviews_Scraped/Raw/14475543-the-hypo_reviews.csv
2024-10-05 19:01:19,296 - INFO - Saved 4 reviews for book ID: 14475543-the-hypo to Data/Reviews_Scraped/Raw/14475543-the-hypo_reviews.csv
2024-10-05 19:01:19,303 - INFO - No 'Show more reviews' button found, all reviews are loaded.
2024-10-05 19:01:37,854 - INFO - Scraping reviews for book with Goodreads ID: 57322548-man-in-furs
2024-10-05 19:01:44,970 - INFO - Saved 30 reviews for book ID: 57322548-man-in-furs to Data/Reviews_Scraped/Raw/57322548-man-in-furs_reviews.csv
2024-10-05 19:01:48,188 - INFO - Saved 1 reviews for book ID: 57322548-man-in-furs to Data/Reviews_Scraped/Raw/57322548-man-in-furs_reviews.csv
2024-10-05 19:01:48,194 - INFO - No 'Show more reviews' button found, all reviews are loaded.
2024-10-05 19:02:01,618 - INFO - Scraping reviews for book with Goodreads ID: 17591966-michael-jordan
2024-10-05 19:02:07,408 - INFO - Saved 30 reviews for book ID: 17591966-michael-jordan to Data/Reviews_Scraped/Raw/17591966-michael-jordan_reviews.csv
2024-10-05 19:02:10,558 - INFO - Saved 3 reviews for book ID: 17591966-michael-jordan to Data/Reviews_Scraped/Raw/17591966-michael-jordan_reviews.csv
2024-10-05 19:02:10,563 - INFO - No 'Show more reviews' button found, all reviews are loaded.
2024-10-05 19:02:29,210 - INFO - Scraping reviews for book with Goodreads ID: 36321846-i-rene-tardi-prisoner-of-war-in-stalag-iib-vol-1
2024-10-05 19:02:33,751 - INFO - Saved 30 reviews for book ID: 36321846-i-rene-tardi-prisoner-of-war-in-stalag-iib-vol-1 to Data/Reviews_Scraped/Raw/36321846-i-rene-tardi-prisoner-of-war-in-stalag-iib-vol-1_reviews.csv
2024-10-05 19:02:36,927 - INFO - Saved 4 reviews for book ID: 36321846-i-rene-tardi-prisoner-of-war-in-stalag-iib-vol-1 to Data/Reviews_Scraped/Raw/36321846-i-rene-tardi-prisoner-of-war-in-stalag-iib-vol-1_reviews.csv
2024-10-05 19:02:36,933 - INFO - No 'Show more reviews' button found, all reviews are loaded.
2024-10-05 19:02:47,283 - INFO - Scraping reviews for book with Goodreads ID: 62919031-all-tomorrow-s-parties
2024-10-05 19:02:52,186 - INFO - Saved 30 reviews for book ID: 62919031-all-tomorrow-s-parties to Data/Reviews_Scraped/Raw/62919031-all-tomorrow-s-parties_reviews.csv
2024-10-05 19:02:55,335 - INFO - Saved 6 reviews for book ID: 62919031-all-tomorrow-s-parties to Data/Reviews_Scraped/Raw/62919031-all-tomorrow-s-parties_reviews.csv
2024-10-05 19:02:55,340 - INFO - No 'Show more reviews' button found, all reviews are loaded.
2024-10-05 19:03:07,956 - INFO - Scraping reviews for book with Goodreads ID: 101136053-the-golden-voice
2024-10-05 19:03:12,761 - INFO - Saved 28 reviews for book ID: 101136053-the-golden-voice to Data/Reviews_Scraped/Raw/101136053-the-golden-voice_reviews.csv
2024-10-05 19:03:12,765 - INFO - No 'Show more reviews' button found, all reviews are loaded.
2024-10-05 19:03:29,110 - INFO - Scraping reviews for book with Goodreads ID: 123208777-through-clouds-of-smoke
2024-10-05 19:03:33,495 - INFO - Saved 7 reviews for book ID: 123208777-through-clouds-of-smoke to Data/Reviews_Scraped/Raw/123208777-through-clouds-of-smoke_reviews.csv
2024-10-05 19:03:33,501 - INFO - No 'Show more reviews' button found, all reviews are loaded.
2024-10-05 19:03:33,501 - INFO - Restarting WebDriver...
2024-10-05 19:03:38,915 - INFO - ====== WebDriver manager ======
2024-10-05 19:03:39,052 - INFO - Get LATEST chromedriver version for google-chrome
2024-10-05 19:03:39,118 - INFO - Get LATEST chromedriver version for google-chrome
2024-10-05 19:03:39,182 - INFO - Driver [/Users/odessialiu/.wdm/drivers/chromedriver/mac64/129.0.6668.89/chromedriver-mac-arm64/chromedriver] found in cache
2024-10-05 19:03:54,589 - INFO - Scraping reviews for book with Goodreads ID: 178019129-hedy-lamarr
2024-10-05 19:03:59,995 - INFO - Saved 30 reviews for book ID: 178019129-hedy-lamarr to Data/Reviews_Scraped/Raw/178019129-hedy-lamarr_reviews.csv
2024-10-05 19:04:03,304 - INFO - Saved 30 reviews for book ID: 178019129-hedy-lamarr to Data/Reviews_Scraped/Raw/178019129-hedy-lamarr_reviews.csv
2024-10-05 19:04:07,189 - INFO - Saved 30 reviews for book ID: 178019129-hedy-lamarr to Data/Reviews_Scraped/Raw/178019129-hedy-lamarr_reviews.csv
2024-10-05 19:04:10,679 - INFO - Saved 16 reviews for book ID: 178019129-hedy-lamarr to Data/Reviews_Scraped/Raw/178019129-hedy-lamarr_reviews.csv
2024-10-05 19:04:10,687 - INFO - No 'Show more reviews' button found, all reviews are loaded.
2024-10-05 19:04:22,302 - INFO - Scraping reviews for book with Goodreads ID: 61337907-the-twilight-man
2024-10-05 19:04:27,618 - INFO - Saved 30 reviews for book ID: 61337907-the-twilight-man to Data/Reviews_Scraped/Raw/61337907-the-twilight-man_reviews.csv
2024-10-05 19:04:30,839 - INFO - Saved 30 reviews for book ID: 61337907-the-twilight-man to Data/Reviews_Scraped/Raw/61337907-the-twilight-man_reviews.csv
2024-10-05 19:04:34,261 - INFO - Saved 30 reviews for book ID: 61337907-the-twilight-man to Data/Reviews_Scraped/Raw/61337907-the-twilight-man_reviews.csv
2024-10-05 19:04:37,719 - INFO - Saved 30 reviews for book ID: 61337907-the-twilight-man to Data/Reviews_Scraped/Raw/61337907-the-twilight-man_reviews.csv
2024-10-05 19:04:41,282 - INFO - Saved 30 reviews for book ID: 61337907-the-twilight-man to Data/Reviews_Scraped/Raw/61337907-the-twilight-man_reviews.csv
2024-10-05 19:04:44,947 - INFO - Saved 30 reviews for book ID: 61337907-the-twilight-man to Data/Reviews_Scraped/Raw/61337907-the-twilight-man_reviews.csv
2024-10-05 19:04:48,786 - INFO - Saved 30 reviews for book ID: 61337907-the-twilight-man to Data/Reviews_Scraped/Raw/61337907-the-twilight-man_reviews.csv
2024-10-05 19:04:52,985 - INFO - Saved 30 reviews for book ID: 61337907-the-twilight-man to Data/Reviews_Scraped/Raw/61337907-the-twilight-man_reviews.csv
2024-10-05 19:04:57,085 - INFO - Saved 30 reviews for book ID: 61337907-the-twilight-man to Data/Reviews_Scraped/Raw/61337907-the-twilight-man_reviews.csv
2024-10-05 19:05:01,220 - INFO - Saved 30 reviews for book ID: 61337907-the-twilight-man to Data/Reviews_Scraped/Raw/61337907-the-twilight-man_reviews.csv
2024-10-05 19:05:05,459 - INFO - Saved 25 reviews for book ID: 61337907-the-twilight-man to Data/Reviews_Scraped/Raw/61337907-the-twilight-man_reviews.csv
2024-10-05 19:05:05,469 - INFO - No 'Show more reviews' button found, all reviews are loaded.
2024-10-05 19:05:20,381 - INFO - Scraping reviews for book with Goodreads ID: 61964721-lugosi
2024-10-05 19:05:26,378 - INFO - Saved 30 reviews for book ID: 61964721-lugosi to Data/Reviews_Scraped/Raw/61964721-lugosi_reviews.csv
2024-10-05 19:05:29,598 - INFO - Saved 30 reviews for book ID: 61964721-lugosi to Data/Reviews_Scraped/Raw/61964721-lugosi_reviews.csv
2024-10-05 19:05:33,059 - INFO - Saved 30 reviews for book ID: 61964721-lugosi to Data/Reviews_Scraped/Raw/61964721-lugosi_reviews.csv
2024-10-05 19:05:36,462 - INFO - Saved 30 reviews for book ID: 61964721-lugosi to Data/Reviews_Scraped/Raw/61964721-lugosi_reviews.csv
2024-10-05 19:05:40,020 - INFO - Saved 30 reviews for book ID: 61964721-lugosi to Data/Reviews_Scraped/Raw/61964721-lugosi_reviews.csv
2024-10-05 19:05:43,636 - INFO - Saved 12 reviews for book ID: 61964721-lugosi to Data/Reviews_Scraped/Raw/61964721-lugosi_reviews.csv
2024-10-05 19:05:43,642 - INFO - No 'Show more reviews' button found, all reviews are loaded.
2024-10-05 19:05:54,997 - INFO - Scraping reviews for book with Goodreads ID: 37492226-marilyn-s-monsters
2024-10-05 19:06:00,322 - INFO - Saved 21 reviews for book ID: 37492226-marilyn-s-monsters to Data/Reviews_Scraped/Raw/37492226-marilyn-s-monsters_reviews.csv
2024-10-05 19:06:00,326 - INFO - No 'Show more reviews' button found, all reviews are loaded.
2024-10-05 19:06:14,266 - INFO - Scraping reviews for book with Goodreads ID: 60459331-beethoven
2024-10-05 19:06:18,396 - INFO - Saved 4 reviews for book ID: 60459331-beethoven to Data/Reviews_Scraped/Raw/60459331-beethoven_reviews.csv
2024-10-05 19:06:18,400 - INFO - No 'Show more reviews' button found, all reviews are loaded.
2024-10-05 19:06:32,603 - INFO - Scraping reviews for book with Goodreads ID: 50891560-for-justice
2024-10-05 19:06:37,263 - INFO - Saved 30 reviews for book ID: 50891560-for-justice to Data/Reviews_Scraped/Raw/50891560-for-justice_reviews.csv
2024-10-05 19:06:40,470 - INFO - Saved 30 reviews for book ID: 50891560-for-justice to Data/Reviews_Scraped/Raw/50891560-for-justice_reviews.csv
2024-10-05 19:06:43,738 - INFO - Saved 8 reviews for book ID: 50891560-for-justice to Data/Reviews_Scraped/Raw/50891560-for-justice_reviews.csv
2024-10-05 19:06:43,743 - INFO - No 'Show more reviews' button found, all reviews are loaded.
2024-10-05 19:07:00,705 - INFO - Scraping reviews for book with Goodreads ID: 58437963-makhno
2024-10-05 19:07:06,277 - INFO - Saved 24 reviews for book ID: 58437963-makhno to Data/Reviews_Scraped/Raw/58437963-makhno_reviews.csv
2024-10-05 19:07:06,281 - INFO - No 'Show more reviews' button found, all reviews are loaded.
2024-10-05 19:07:17,059 - INFO - Scraping reviews for book with Goodreads ID: 196019251-betrayal-of-the-mind
2024-10-05 19:07:21,406 - INFO - Saved 4 reviews for book ID: 196019251-betrayal-of-the-mind to Data/Reviews_Scraped/Raw/196019251-betrayal-of-the-mind_reviews.csv
2024-10-05 19:07:21,410 - INFO - No 'Show more reviews' button found, all reviews are loaded.
2024-10-05 19:07:33,132 - INFO - Scraping reviews for book with Goodreads ID: 60784723-we-are-on-our-own
2024-10-05 19:07:38,299 - INFO - Saved 30 reviews for book ID: 60784723-we-are-on-our-own to Data/Reviews_Scraped/Raw/60784723-we-are-on-our-own_reviews.csv
2024-10-05 19:07:41,554 - INFO - Saved 30 reviews for book ID: 60784723-we-are-on-our-own to Data/Reviews_Scraped/Raw/60784723-we-are-on-our-own_reviews.csv
2024-10-05 19:07:44,881 - INFO - Saved 30 reviews for book ID: 60784723-we-are-on-our-own to Data/Reviews_Scraped/Raw/60784723-we-are-on-our-own_reviews.csv
2024-10-05 19:07:48,289 - INFO - Saved 30 reviews for book ID: 60784723-we-are-on-our-own to Data/Reviews_Scraped/Raw/60784723-we-are-on-our-own_reviews.csv
2024-10-05 19:07:51,840 - INFO - Saved 30 reviews for book ID: 60784723-we-are-on-our-own to Data/Reviews_Scraped/Raw/60784723-we-are-on-our-own_reviews.csv
2024-10-05 19:07:55,464 - INFO - Saved 21 reviews for book ID: 60784723-we-are-on-our-own to Data/Reviews_Scraped/Raw/60784723-we-are-on-our-own_reviews.csv
2024-10-05 19:07:55,471 - INFO - No 'Show more reviews' button found, all reviews are loaded.
2024-10-05 19:08:08,464 - INFO - Scraping reviews for book with Goodreads ID: 10860500-the-adventures-of-herg
2024-10-05 19:08:13,230 - INFO - Saved 30 reviews for book ID: 10860500-the-adventures-of-herg to Data/Reviews_Scraped/Raw/10860500-the-adventures-of-herg_reviews.csv
2024-10-05 19:08:16,446 - INFO - Saved 30 reviews for book ID: 10860500-the-adventures-of-herg to Data/Reviews_Scraped/Raw/10860500-the-adventures-of-herg_reviews.csv
2024-10-05 19:08:19,768 - INFO - Saved 30 reviews for book ID: 10860500-the-adventures-of-herg to Data/Reviews_Scraped/Raw/10860500-the-adventures-of-herg_reviews.csv
2024-10-05 19:08:23,126 - INFO - Saved 8 reviews for book ID: 10860500-the-adventures-of-herg to Data/Reviews_Scraped/Raw/10860500-the-adventures-of-herg_reviews.csv
2024-10-05 19:08:23,156 - INFO - No 'Show more reviews' button found, all reviews are loaded.
2024-10-05 19:08:23,156 - INFO - Restarting WebDriver...
2024-10-05 19:08:28,534 - INFO - ====== WebDriver manager ======
2024-10-05 19:08:28,656 - INFO - Get LATEST chromedriver version for google-chrome
2024-10-05 19:08:28,720 - INFO - Get LATEST chromedriver version for google-chrome
2024-10-05 19:08:28,786 - INFO - Driver [/Users/odessialiu/.wdm/drivers/chromedriver/mac64/129.0.6668.89/chromedriver-mac-arm64/chromedriver] found in cache
2024-10-05 19:08:40,903 - INFO - Scraping reviews for book with Goodreads ID: 56269253-leonard-cohen
2024-10-05 19:08:46,645 - INFO - Saved 29 reviews for book ID: 56269253-leonard-cohen to Data/Reviews_Scraped/Raw/56269253-leonard-cohen_reviews.csv
2024-10-05 19:08:49,901 - INFO - Saved 30 reviews for book ID: 56269253-leonard-cohen to Data/Reviews_Scraped/Raw/56269253-leonard-cohen_reviews.csv
2024-10-05 19:08:53,252 - INFO - Saved 30 reviews for book ID: 56269253-leonard-cohen to Data/Reviews_Scraped/Raw/56269253-leonard-cohen_reviews.csv
2024-10-05 19:08:56,705 - INFO - Saved 30 reviews for book ID: 56269253-leonard-cohen to Data/Reviews_Scraped/Raw/56269253-leonard-cohen_reviews.csv
2024-10-05 19:09:00,248 - INFO - Saved 30 reviews for book ID: 56269253-leonard-cohen to Data/Reviews_Scraped/Raw/56269253-leonard-cohen_reviews.csv
2024-10-05 19:09:03,929 - INFO - Saved 30 reviews for book ID: 56269253-leonard-cohen to Data/Reviews_Scraped/Raw/56269253-leonard-cohen_reviews.csv
2024-10-05 19:09:07,605 - INFO - Saved 7 reviews for book ID: 56269253-leonard-cohen to Data/Reviews_Scraped/Raw/56269253-leonard-cohen_reviews.csv
2024-10-05 19:09:07,613 - INFO - No 'Show more reviews' button found, all reviews are loaded.
2024-10-05 19:09:26,422 - INFO - Scraping reviews for book with Goodreads ID: 57693671-putin-s-russia
2024-10-05 19:09:32,010 - INFO - Saved 30 reviews for book ID: 57693671-putin-s-russia to Data/Reviews_Scraped/Raw/57693671-putin-s-russia_reviews.csv
2024-10-05 19:09:35,359 - INFO - Saved 30 reviews for book ID: 57693671-putin-s-russia to Data/Reviews_Scraped/Raw/57693671-putin-s-russia_reviews.csv
2024-10-05 19:09:38,738 - INFO - Saved 30 reviews for book ID: 57693671-putin-s-russia to Data/Reviews_Scraped/Raw/57693671-putin-s-russia_reviews.csv
2024-10-05 19:09:42,150 - INFO - Saved 30 reviews for book ID: 57693671-putin-s-russia to Data/Reviews_Scraped/Raw/57693671-putin-s-russia_reviews.csv
2024-10-05 19:09:45,648 - INFO - Saved 30 reviews for book ID: 57693671-putin-s-russia to Data/Reviews_Scraped/Raw/57693671-putin-s-russia_reviews.csv
2024-10-05 19:09:49,266 - INFO - Saved 30 reviews for book ID: 57693671-putin-s-russia to Data/Reviews_Scraped/Raw/57693671-putin-s-russia_reviews.csv
2024-10-05 19:09:52,986 - INFO - Saved 27 reviews for book ID: 57693671-putin-s-russia to Data/Reviews_Scraped/Raw/57693671-putin-s-russia_reviews.csv
2024-10-05 19:09:52,993 - INFO - No 'Show more reviews' button found, all reviews are loaded.
2024-10-05 19:10:12,885 - INFO - Scraping reviews for book with Goodreads ID: 269353.Louis_Riel
2024-10-05 19:10:17,978 - INFO - Saved 30 reviews for book ID: 269353.Louis_Riel to Data/Reviews_Scraped/Raw/269353.Louis_Riel_reviews.csv
2024-10-05 19:10:21,189 - INFO - Saved 30 reviews for book ID: 269353.Louis_Riel to Data/Reviews_Scraped/Raw/269353.Louis_Riel_reviews.csv
2024-10-05 19:10:24,624 - INFO - Saved 30 reviews for book ID: 269353.Louis_Riel to Data/Reviews_Scraped/Raw/269353.Louis_Riel_reviews.csv
2024-10-05 19:10:28,045 - INFO - Saved 30 reviews for book ID: 269353.Louis_Riel to Data/Reviews_Scraped/Raw/269353.Louis_Riel_reviews.csv
2024-10-05 19:10:31,561 - INFO - Saved 30 reviews for book ID: 269353.Louis_Riel to Data/Reviews_Scraped/Raw/269353.Louis_Riel_reviews.csv
2024-10-05 19:10:35,380 - INFO - Saved 30 reviews for book ID: 269353.Louis_Riel to Data/Reviews_Scraped/Raw/269353.Louis_Riel_reviews.csv
2024-10-05 19:10:39,144 - INFO - Saved 30 reviews for book ID: 269353.Louis_Riel to Data/Reviews_Scraped/Raw/269353.Louis_Riel_reviews.csv
2024-10-05 19:10:43,014 - INFO - Saved 30 reviews for book ID: 269353.Louis_Riel to Data/Reviews_Scraped/Raw/269353.Louis_Riel_reviews.csv
2024-10-05 19:10:46,988 - INFO - Saved 29 reviews for book ID: 269353.Louis_Riel to Data/Reviews_Scraped/Raw/269353.Louis_Riel_reviews.csv
2024-10-05 19:10:51,143 - INFO - Saved 30 reviews for book ID: 269353.Louis_Riel to Data/Reviews_Scraped/Raw/269353.Louis_Riel_reviews.csv
2024-10-05 19:10:55,391 - INFO - Saved 30 reviews for book ID: 269353.Louis_Riel to Data/Reviews_Scraped/Raw/269353.Louis_Riel_reviews.csv
2024-10-05 19:11:00,106 - INFO - Saved 30 reviews for book ID: 269353.Louis_Riel to Data/Reviews_Scraped/Raw/269353.Louis_Riel_reviews.csv
2024-10-05 19:11:04,635 - INFO - Saved 30 reviews for book ID: 269353.Louis_Riel to Data/Reviews_Scraped/Raw/269353.Louis_Riel_reviews.csv
2024-10-05 19:11:09,257 - INFO - Saved 30 reviews for book ID: 269353.Louis_Riel to Data/Reviews_Scraped/Raw/269353.Louis_Riel_reviews.csv
2024-10-05 19:11:13,932 - INFO - Saved 6 reviews for book ID: 269353.Louis_Riel to Data/Reviews_Scraped/Raw/269353.Louis_Riel_reviews.csv
2024-10-05 19:11:13,942 - INFO - No 'Show more reviews' button found, all reviews are loaded.
2024-10-05 19:11:26,979 - INFO - Scraping reviews for book with Goodreads ID: 17287065-woman-rebel
2024-10-05 19:11:36,269 - INFO - Saved 30 reviews for book ID: 17287065-woman-rebel to Data/Reviews_Scraped/Raw/17287065-woman-rebel_reviews.csv
2024-10-05 19:11:39,486 - INFO - Saved 30 reviews for book ID: 17287065-woman-rebel to Data/Reviews_Scraped/Raw/17287065-woman-rebel_reviews.csv
2024-10-05 19:11:42,842 - INFO - Saved 30 reviews for book ID: 17287065-woman-rebel to Data/Reviews_Scraped/Raw/17287065-woman-rebel_reviews.csv
2024-10-05 19:11:46,260 - INFO - Saved 30 reviews for book ID: 17287065-woman-rebel to Data/Reviews_Scraped/Raw/17287065-woman-rebel_reviews.csv
2024-10-05 19:11:49,852 - INFO - Saved 30 reviews for book ID: 17287065-woman-rebel to Data/Reviews_Scraped/Raw/17287065-woman-rebel_reviews.csv
2024-10-05 19:11:53,506 - INFO - Saved 30 reviews for book ID: 17287065-woman-rebel to Data/Reviews_Scraped/Raw/17287065-woman-rebel_reviews.csv
2024-10-05 19:11:57,249 - INFO - Saved 30 reviews for book ID: 17287065-woman-rebel to Data/Reviews_Scraped/Raw/17287065-woman-rebel_reviews.csv
2024-10-05 19:12:01,141 - INFO - Saved 30 reviews for book ID: 17287065-woman-rebel to Data/Reviews_Scraped/Raw/17287065-woman-rebel_reviews.csv
2024-10-05 19:12:05,164 - INFO - Saved 30 reviews for book ID: 17287065-woman-rebel to Data/Reviews_Scraped/Raw/17287065-woman-rebel_reviews.csv
2024-10-05 19:12:09,247 - INFO - Saved 30 reviews for book ID: 17287065-woman-rebel to Data/Reviews_Scraped/Raw/17287065-woman-rebel_reviews.csv
2024-10-05 19:12:13,393 - INFO - Saved 3 reviews for book ID: 17287065-woman-rebel to Data/Reviews_Scraped/Raw/17287065-woman-rebel_reviews.csv
2024-10-05 19:12:13,403 - INFO - No 'Show more reviews' button found, all reviews are loaded.
2024-10-05 19:12:33,104 - INFO - Scraping reviews for book with Goodreads ID: 43317483-year-of-the-rabbit
2024-10-05 19:12:38,253 - INFO - Saved 30 reviews for book ID: 43317483-year-of-the-rabbit to Data/Reviews_Scraped/Raw/43317483-year-of-the-rabbit_reviews.csv
2024-10-05 19:12:41,625 - INFO - Saved 30 reviews for book ID: 43317483-year-of-the-rabbit to Data/Reviews_Scraped/Raw/43317483-year-of-the-rabbit_reviews.csv
2024-10-05 19:12:44,975 - INFO - Saved 30 reviews for book ID: 43317483-year-of-the-rabbit to Data/Reviews_Scraped/Raw/43317483-year-of-the-rabbit_reviews.csv
2024-10-05 19:12:48,414 - INFO - Saved 30 reviews for book ID: 43317483-year-of-the-rabbit to Data/Reviews_Scraped/Raw/43317483-year-of-the-rabbit_reviews.csv
2024-10-05 19:12:51,918 - INFO - Saved 30 reviews for book ID: 43317483-year-of-the-rabbit to Data/Reviews_Scraped/Raw/43317483-year-of-the-rabbit_reviews.csv
2024-10-05 19:12:55,554 - INFO - Saved 30 reviews for book ID: 43317483-year-of-the-rabbit to Data/Reviews_Scraped/Raw/43317483-year-of-the-rabbit_reviews.csv
2024-10-05 19:12:59,357 - INFO - Saved 29 reviews for book ID: 43317483-year-of-the-rabbit to Data/Reviews_Scraped/Raw/43317483-year-of-the-rabbit_reviews.csv
2024-10-05 19:12:59,367 - INFO - No 'Show more reviews' button found, all reviews are loaded.
2024-10-05 19:13:15,704 - INFO - Scraping reviews for book with Goodreads ID: 45293279-grateful-dead-origins
2024-10-05 19:13:20,281 - INFO - Saved 17 reviews for book ID: 45293279-grateful-dead-origins to Data/Reviews_Scraped/Raw/45293279-grateful-dead-origins_reviews.csv
2024-10-05 19:13:20,285 - INFO - No 'Show more reviews' button found, all reviews are loaded.
2024-10-05 19:13:34,438 - INFO - Scraping reviews for book with Goodreads ID: 59113162-one-bourbon-one-scotch-one-beer
2024-10-05 19:13:39,520 - INFO - No 'Show more reviews' button found, all reviews are loaded.
2024-10-05 19:13:52,204 - INFO - Scraping reviews for book with Goodreads ID: 57234142-blondie
2024-10-05 19:13:56,592 - INFO - Saved 5 reviews for book ID: 57234142-blondie to Data/Reviews_Scraped/Raw/57234142-blondie_reviews.csv
2024-10-05 19:13:56,596 - INFO - No 'Show more reviews' button found, all reviews are loaded.
2024-10-05 19:14:16,583 - INFO - Scraping reviews for book with Goodreads ID: 60321267-sublime
2024-10-05 19:14:21,728 - INFO - Saved 11 reviews for book ID: 60321267-sublime to Data/Reviews_Scraped/Raw/60321267-sublime_reviews.csv
2024-10-05 19:14:21,733 - INFO - No 'Show more reviews' button found, all reviews are loaded.
2024-10-05 19:14:36,951 - INFO - Scraping reviews for book with Goodreads ID: 57553105-cypress-hill-tres-equis
2024-10-05 19:14:40,671 - INFO - No 'Show more reviews' button found, all reviews are loaded.
2024-10-05 19:14:40,671 - INFO - Restarting WebDriver...
2024-10-05 19:14:46,083 - INFO - ====== WebDriver manager ======
2024-10-05 19:14:46,242 - INFO - Get LATEST chromedriver version for google-chrome
2024-10-05 19:14:46,313 - INFO - Get LATEST chromedriver version for google-chrome
2024-10-05 19:14:46,381 - INFO - Driver [/Users/odessialiu/.wdm/drivers/chromedriver/mac64/129.0.6668.89/chromedriver-mac-arm64/chromedriver] found in cache
2024-10-05 19:15:03,838 - INFO - Scraping reviews for book with Goodreads ID: 56269818-elvis
2024-10-05 19:15:08,809 - INFO - Saved 17 reviews for book ID: 56269818-elvis to Data/Reviews_Scraped/Raw/56269818-elvis_reviews.csv
2024-10-05 19:15:08,817 - INFO - No 'Show more reviews' button found, all reviews are loaded.
2024-10-05 19:15:26,771 - INFO - Scraping reviews for book with Goodreads ID: 54786126-morrison-hotel
2024-10-05 19:15:33,022 - INFO - Saved 20 reviews for book ID: 54786126-morrison-hotel to Data/Reviews_Scraped/Raw/54786126-morrison-hotel_reviews.csv
2024-10-05 19:15:33,027 - INFO - No 'Show more reviews' button found, all reviews are loaded.
2024-10-05 19:15:50,578 - INFO - Scraping reviews for book with Goodreads ID: 54587149-chasin-the-bird
2024-10-05 19:15:55,436 - INFO - Saved 30 reviews for book ID: 54587149-chasin-the-bird to Data/Reviews_Scraped/Raw/54587149-chasin-the-bird_reviews.csv
2024-10-05 19:15:58,764 - INFO - Saved 26 reviews for book ID: 54587149-chasin-the-bird to Data/Reviews_Scraped/Raw/54587149-chasin-the-bird_reviews.csv
2024-10-05 19:15:58,770 - INFO - No 'Show more reviews' button found, all reviews are loaded.
2024-10-05 19:16:10,313 - INFO - Scraping reviews for book with Goodreads ID: 58326588-freddie-mercury
2024-10-05 19:16:14,780 - INFO - Saved 2 reviews for book ID: 58326588-freddie-mercury to Data/Reviews_Scraped/Raw/58326588-freddie-mercury_reviews.csv
2024-10-05 19:16:14,784 - INFO - No 'Show more reviews' button found, all reviews are loaded.
2024-10-05 19:16:32,817 - INFO - Scraping reviews for book with Goodreads ID: 61919434-miles-davis-and-the-search-for-the-sound
2024-10-05 19:16:37,121 - INFO - Saved 22 reviews for book ID: 61919434-miles-davis-and-the-search-for-the-sound to Data/Reviews_Scraped/Raw/61919434-miles-davis-and-the-search-for-the-sound_reviews.csv
2024-10-05 19:16:37,125 - INFO - No 'Show more reviews' button found, all reviews are loaded.
2024-10-05 19:16:52,816 - INFO - Scraping reviews for book with Goodreads ID: 63234758-growing-up-farley-a-chris-farley-story
2024-10-05 19:16:57,347 - INFO - No 'Show more reviews' button found, all reviews are loaded.
2024-10-05 19:17:11,905 - INFO - Scraping reviews for book with Goodreads ID: 49930973-clayton
2024-10-05 19:17:15,740 - INFO - No 'Show more reviews' button found, all reviews are loaded.
2024-10-05 19:17:35,531 - INFO - Scraping reviews for book with Goodreads ID: 35297626-the-beatles-story
2024-10-05 19:17:39,994 - INFO - Saved 7 reviews for book ID: 35297626-the-beatles-story to Data/Reviews_Scraped/Raw/35297626-the-beatles-story_reviews.csv
2024-10-05 19:17:39,998 - INFO - No 'Show more reviews' button found, all reviews are loaded.
2024-10-05 19:17:56,793 - INFO - Scraping reviews for book with Goodreads ID: 36373423-all-the-answers
2024-10-05 19:18:01,851 - INFO - Saved 30 reviews for book ID: 36373423-all-the-answers to Data/Reviews_Scraped/Raw/36373423-all-the-answers_reviews.csv
2024-10-05 19:18:05,111 - INFO - Saved 30 reviews for book ID: 36373423-all-the-answers to Data/Reviews_Scraped/Raw/36373423-all-the-answers_reviews.csv
2024-10-05 19:18:08,435 - INFO - Saved 30 reviews for book ID: 36373423-all-the-answers to Data/Reviews_Scraped/Raw/36373423-all-the-answers_reviews.csv
2024-10-05 19:18:11,915 - INFO - Saved 30 reviews for book ID: 36373423-all-the-answers to Data/Reviews_Scraped/Raw/36373423-all-the-answers_reviews.csv
2024-10-05 19:18:15,460 - INFO - Saved 30 reviews for book ID: 36373423-all-the-answers to Data/Reviews_Scraped/Raw/36373423-all-the-answers_reviews.csv
2024-10-05 19:18:19,118 - INFO - Saved 30 reviews for book ID: 36373423-all-the-answers to Data/Reviews_Scraped/Raw/36373423-all-the-answers_reviews.csv
2024-10-05 19:18:22,915 - INFO - Saved 30 reviews for book ID: 36373423-all-the-answers to Data/Reviews_Scraped/Raw/36373423-all-the-answers_reviews.csv
2024-10-05 19:18:26,766 - INFO - Saved 30 reviews for book ID: 36373423-all-the-answers to Data/Reviews_Scraped/Raw/36373423-all-the-answers_reviews.csv
2024-10-05 19:18:30,882 - INFO - Saved 19 reviews for book ID: 36373423-all-the-answers to Data/Reviews_Scraped/Raw/36373423-all-the-answers_reviews.csv
2024-10-05 19:18:30,890 - INFO - No 'Show more reviews' button found, all reviews are loaded.
2024-10-05 19:18:44,977 - INFO - Scraping reviews for book with Goodreads ID: 50804759-bix
2024-10-05 19:18:50,048 - INFO - Saved 30 reviews for book ID: 50804759-bix to Data/Reviews_Scraped/Raw/50804759-bix_reviews.csv
2024-10-05 19:18:53,348 - INFO - Saved 26 reviews for book ID: 50804759-bix to Data/Reviews_Scraped/Raw/50804759-bix_reviews.csv
2024-10-05 19:18:53,356 - INFO - No 'Show more reviews' button found, all reviews are loaded.
2024-10-05 19:18:53,356 - INFO - Restarting WebDriver...
2024-10-05 19:18:58,710 - INFO - ====== WebDriver manager ======
2024-10-05 19:18:58,830 - INFO - Get LATEST chromedriver version for google-chrome
2024-10-05 19:18:58,902 - INFO - Get LATEST chromedriver version for google-chrome
2024-10-05 19:18:58,964 - INFO - Driver [/Users/odessialiu/.wdm/drivers/chromedriver/mac64/129.0.6668.89/chromedriver-mac-arm64/chromedriver] found in cache
2024-10-05 19:19:15,954 - INFO - Scraping reviews for book with Goodreads ID: 58853250-butts-in-seats
2024-10-05 19:19:21,469 - INFO - Saved 19 reviews for book ID: 58853250-butts-in-seats to Data/Reviews_Scraped/Raw/58853250-butts-in-seats_reviews.csv
2024-10-05 19:19:21,475 - INFO - No 'Show more reviews' button found, all reviews are loaded.
2024-10-05 19:19:39,365 - INFO - Scraping reviews for book with Goodreads ID: 58532656-the-five-lives-of-hilma-af-klint
2024-10-05 19:19:44,534 - INFO - Saved 30 reviews for book ID: 58532656-the-five-lives-of-hilma-af-klint to Data/Reviews_Scraped/Raw/58532656-the-five-lives-of-hilma-af-klint_reviews.csv
2024-10-05 19:25:23,237 - INFO - Saved 7 reviews for book ID: 58532656-the-five-lives-of-hilma-af-klint to Data/Reviews_Scraped/Raw/58532656-the-five-lives-of-hilma-af-klint_reviews.csv
2024-10-05 19:25:23,242 - INFO - No 'Show more reviews' button found, all reviews are loaded.
2024-10-05 19:25:42,003 - INFO - Scraping reviews for book with Goodreads ID: 42202080-the-invisible-empire
2024-10-05 19:25:47,249 - INFO - Saved 14 reviews for book ID: 42202080-the-invisible-empire to Data/Reviews_Scraped/Raw/42202080-the-invisible-empire_reviews.csv
2024-10-05 19:25:47,254 - INFO - No 'Show more reviews' button found, all reviews are loaded.
2024-10-05 19:26:01,662 - INFO - Scraping reviews for book with Goodreads ID: 49494921-bowie
2024-10-05 19:26:09,226 - INFO - Saved 30 reviews for book ID: 49494921-bowie to Data/Reviews_Scraped/Raw/49494921-bowie_reviews.csv
2024-10-05 19:26:12,532 - INFO - Saved 30 reviews for book ID: 49494921-bowie to Data/Reviews_Scraped/Raw/49494921-bowie_reviews.csv
2024-10-05 19:26:15,873 - INFO - Saved 30 reviews for book ID: 49494921-bowie to Data/Reviews_Scraped/Raw/49494921-bowie_reviews.csv
2024-10-05 19:26:19,278 - INFO - Saved 30 reviews for book ID: 49494921-bowie to Data/Reviews_Scraped/Raw/49494921-bowie_reviews.csv
2024-10-05 19:26:22,993 - INFO - Saved 30 reviews for book ID: 49494921-bowie to Data/Reviews_Scraped/Raw/49494921-bowie_reviews.csv
2024-10-05 19:26:26,732 - INFO - Saved 30 reviews for book ID: 49494921-bowie to Data/Reviews_Scraped/Raw/49494921-bowie_reviews.csv
2024-10-05 19:26:30,487 - INFO - Saved 30 reviews for book ID: 49494921-bowie to Data/Reviews_Scraped/Raw/49494921-bowie_reviews.csv
2024-10-05 19:26:34,468 - INFO - Saved 30 reviews for book ID: 49494921-bowie to Data/Reviews_Scraped/Raw/49494921-bowie_reviews.csv
2024-10-05 19:26:38,456 - INFO - Saved 30 reviews for book ID: 49494921-bowie to Data/Reviews_Scraped/Raw/49494921-bowie_reviews.csv
2024-10-05 19:26:42,713 - INFO - Saved 2 reviews for book ID: 49494921-bowie to Data/Reviews_Scraped/Raw/49494921-bowie_reviews.csv
2024-10-05 19:26:42,727 - INFO - No 'Show more reviews' button found, all reviews are loaded.
2024-10-05 19:26:52,827 - INFO - Scraping reviews for book with Goodreads ID: 43811247-renoir
2024-10-05 19:26:58,249 - INFO - Saved 6 reviews for book ID: 43811247-renoir to Data/Reviews_Scraped/Raw/43811247-renoir_reviews.csv
2024-10-05 19:26:58,255 - INFO - No 'Show more reviews' button found, all reviews are loaded.
2024-10-05 19:27:09,872 - INFO - Scraping reviews for book with Goodreads ID: 40554540-goya
2024-10-05 19:27:15,322 - INFO - Saved 26 reviews for book ID: 40554540-goya to Data/Reviews_Scraped/Raw/40554540-goya_reviews.csv
2024-10-05 19:27:15,327 - INFO - No 'Show more reviews' button found, all reviews are loaded.
2024-10-05 19:27:32,727 - INFO - Scraping reviews for book with Goodreads ID: 38471793-h-p-lovecraft
2024-10-05 19:27:39,777 - INFO - Saved 30 reviews for book ID: 38471793-h-p-lovecraft to Data/Reviews_Scraped/Raw/38471793-h-p-lovecraft_reviews.csv
2024-10-05 19:27:43,113 - INFO - Saved 18 reviews for book ID: 38471793-h-p-lovecraft to Data/Reviews_Scraped/Raw/38471793-h-p-lovecraft_reviews.csv
2024-10-05 19:27:43,119 - INFO - No 'Show more reviews' button found, all reviews are loaded.
2024-10-05 19:27:54,170 - INFO - Scraping reviews for book with Goodreads ID: 28943758-pocahontas
2024-10-05 19:28:00,297 - INFO - Saved 26 reviews for book ID: 28943758-pocahontas to Data/Reviews_Scraped/Raw/28943758-pocahontas_reviews.csv
2024-10-05 19:28:00,302 - INFO - No 'Show more reviews' button found, all reviews are loaded.
2024-10-05 19:28:18,878 - INFO - Scraping reviews for book with Goodreads ID: 25327517-baddawi
2024-10-05 19:28:24,128 - INFO - Saved 30 reviews for book ID: 25327517-baddawi to Data/Reviews_Scraped/Raw/25327517-baddawi_reviews.csv
2024-10-05 19:28:27,383 - INFO - Saved 30 reviews for book ID: 25327517-baddawi to Data/Reviews_Scraped/Raw/25327517-baddawi_reviews.csv
2024-10-05 19:28:30,690 - INFO - Saved 26 reviews for book ID: 25327517-baddawi to Data/Reviews_Scraped/Raw/25327517-baddawi_reviews.csv
2024-10-05 19:28:30,698 - INFO - No 'Show more reviews' button found, all reviews are loaded.
2024-10-05 19:28:48,752 - INFO - Scraping reviews for book with Goodreads ID: 125078769-toussaint-louverture
2024-10-05 19:28:53,736 - INFO - Saved 30 reviews for book ID: 125078769-toussaint-louverture to Data/Reviews_Scraped/Raw/125078769-toussaint-louverture_reviews.csv
2024-10-05 19:28:56,916 - INFO - Saved 2 reviews for book ID: 125078769-toussaint-louverture to Data/Reviews_Scraped/Raw/125078769-toussaint-louverture_reviews.csv
2024-10-05 19:28:56,922 - INFO - No 'Show more reviews' button found, all reviews are loaded.
2024-10-05 19:28:56,922 - INFO - Restarting WebDriver...
2024-10-05 19:29:02,338 - INFO - ====== WebDriver manager ======
2024-10-05 19:29:02,487 - INFO - Get LATEST chromedriver version for google-chrome
2024-10-05 19:29:02,563 - INFO - Get LATEST chromedriver version for google-chrome
2024-10-05 19:29:02,634 - INFO - Driver [/Users/odessialiu/.wdm/drivers/chromedriver/mac64/129.0.6668.89/chromedriver-mac-arm64/chromedriver] found in cache
2024-10-05 19:29:15,228 - INFO - Scraping reviews for book with Goodreads ID: 16284969-masks-of-anarchy
2024-10-05 19:29:22,986 - INFO - Saved 19 reviews for book ID: 16284969-masks-of-anarchy to Data/Reviews_Scraped/Raw/16284969-masks-of-anarchy_reviews.csv
2024-10-05 19:29:22,998 - INFO - No 'Show more reviews' button found, all reviews are loaded.
2024-10-05 19:29:36,372 - INFO - Scraping reviews for book with Goodreads ID: 43478977-eugene-v-debs
2024-10-05 19:29:42,954 - INFO - Saved 30 reviews for book ID: 43478977-eugene-v-debs to Data/Reviews_Scraped/Raw/43478977-eugene-v-debs_reviews.csv
2024-10-05 19:29:46,180 - INFO - Saved 30 reviews for book ID: 43478977-eugene-v-debs to Data/Reviews_Scraped/Raw/43478977-eugene-v-debs_reviews.csv
2024-10-05 19:29:49,442 - INFO - Saved 2 reviews for book ID: 43478977-eugene-v-debs to Data/Reviews_Scraped/Raw/43478977-eugene-v-debs_reviews.csv
2024-10-05 19:29:49,447 - INFO - No 'Show more reviews' button found, all reviews are loaded.
2024-10-05 19:30:08,600 - INFO - Scraping reviews for book with Goodreads ID: 38315848-prisoner-155
2024-10-05 19:30:13,979 - INFO - Saved 30 reviews for book ID: 38315848-prisoner-155 to Data/Reviews_Scraped/Raw/38315848-prisoner-155_reviews.csv
2024-10-05 19:30:13,984 - INFO - No 'Show more reviews' button found, all reviews are loaded.
2024-10-05 19:30:33,640 - INFO - Scraping reviews for book with Goodreads ID: 27134366-len-a-lawyer-in-history
2024-10-05 19:30:39,100 - INFO - Saved 11 reviews for book ID: 27134366-len-a-lawyer-in-history to Data/Reviews_Scraped/Raw/27134366-len-a-lawyer-in-history_reviews.csv
2024-10-05 19:30:39,105 - INFO - No 'Show more reviews' button found, all reviews are loaded.
2024-10-05 19:30:51,945 - INFO - Scraping reviews for book with Goodreads ID: 57006119-prophet-against-slavery
2024-10-05 19:30:56,459 - INFO - Saved 30 reviews for book ID: 57006119-prophet-against-slavery to Data/Reviews_Scraped/Raw/57006119-prophet-against-slavery_reviews.csv
2024-10-05 19:30:59,613 - INFO - Saved 5 reviews for book ID: 57006119-prophet-against-slavery to Data/Reviews_Scraped/Raw/57006119-prophet-against-slavery_reviews.csv
2024-10-05 19:30:59,620 - INFO - No 'Show more reviews' button found, all reviews are loaded.
2024-10-05 19:31:16,369 - INFO - Scraping reviews for book with Goodreads ID: 13237047-leon-trotsky
2024-10-05 19:31:21,734 - INFO - Saved 30 reviews for book ID: 13237047-leon-trotsky to Data/Reviews_Scraped/Raw/13237047-leon-trotsky_reviews.csv
2024-10-05 19:31:24,933 - INFO - Saved 11 reviews for book ID: 13237047-leon-trotsky to Data/Reviews_Scraped/Raw/13237047-leon-trotsky_reviews.csv
2024-10-05 19:31:24,938 - INFO - No 'Show more reviews' button found, all reviews are loaded.
2024-10-05 19:31:37,995 - INFO - Scraping reviews for book with Goodreads ID: 182093252-freedom-shall-prevail
2024-10-05 19:31:42,739 - INFO - Saved 5 reviews for book ID: 182093252-freedom-shall-prevail to Data/Reviews_Scraped/Raw/182093252-freedom-shall-prevail_reviews.csv
2024-10-05 19:31:42,744 - INFO - No 'Show more reviews' button found, all reviews are loaded.
2024-10-05 19:31:59,160 - INFO - Scraping reviews for book with Goodreads ID: 125877100-erdo-an
2024-10-05 19:32:06,248 - INFO - Saved 24 reviews for book ID: 125877100-erdo-an to Data/Reviews_Scraped/Raw/125877100-erdo-an_reviews.csv
2024-10-05 19:32:06,252 - INFO - No 'Show more reviews' button found, all reviews are loaded.
2024-10-05 19:32:17,371 - INFO - Scraping reviews for book with Goodreads ID: 28818642-the-case-of-alan-turing
2024-10-05 19:32:21,918 - INFO - Saved 30 reviews for book ID: 28818642-the-case-of-alan-turing to Data/Reviews_Scraped/Raw/28818642-the-case-of-alan-turing_reviews.csv
2024-10-05 19:32:25,103 - INFO - Saved 15 reviews for book ID: 28818642-the-case-of-alan-turing to Data/Reviews_Scraped/Raw/28818642-the-case-of-alan-turing_reviews.csv
2024-10-05 19:32:25,109 - INFO - No 'Show more reviews' button found, all reviews are loaded.
2024-10-05 19:32:45,108 - INFO - Scraping reviews for book with Goodreads ID: 32783833-hostage
2024-10-05 19:32:49,808 - INFO - Saved 30 reviews for book ID: 32783833-hostage to Data/Reviews_Scraped/Raw/32783833-hostage_reviews.csv
2024-10-05 19:32:53,076 - INFO - Saved 30 reviews for book ID: 32783833-hostage to Data/Reviews_Scraped/Raw/32783833-hostage_reviews.csv
2024-10-05 19:32:56,397 - INFO - Saved 30 reviews for book ID: 32783833-hostage to Data/Reviews_Scraped/Raw/32783833-hostage_reviews.csv
2024-10-05 19:32:59,857 - INFO - Saved 30 reviews for book ID: 32783833-hostage to Data/Reviews_Scraped/Raw/32783833-hostage_reviews.csv
2024-10-05 19:33:03,407 - INFO - Saved 30 reviews for book ID: 32783833-hostage to Data/Reviews_Scraped/Raw/32783833-hostage_reviews.csv
2024-10-05 19:33:07,111 - INFO - Saved 30 reviews for book ID: 32783833-hostage to Data/Reviews_Scraped/Raw/32783833-hostage_reviews.csv
2024-10-05 19:33:11,036 - INFO - Saved 30 reviews for book ID: 32783833-hostage to Data/Reviews_Scraped/Raw/32783833-hostage_reviews.csv
2024-10-05 19:33:15,079 - INFO - Saved 30 reviews for book ID: 32783833-hostage to Data/Reviews_Scraped/Raw/32783833-hostage_reviews.csv
2024-10-05 19:33:19,237 - INFO - Saved 30 reviews for book ID: 32783833-hostage to Data/Reviews_Scraped/Raw/32783833-hostage_reviews.csv
2024-10-05 19:33:23,400 - INFO - Saved 30 reviews for book ID: 32783833-hostage to Data/Reviews_Scraped/Raw/32783833-hostage_reviews.csv
2024-10-05 19:33:27,741 - INFO - Saved 29 reviews for book ID: 32783833-hostage to Data/Reviews_Scraped/Raw/32783833-hostage_reviews.csv
2024-10-05 19:33:32,242 - INFO - Saved 30 reviews for book ID: 32783833-hostage to Data/Reviews_Scraped/Raw/32783833-hostage_reviews.csv
2024-10-05 19:33:36,950 - INFO - Saved 30 reviews for book ID: 32783833-hostage to Data/Reviews_Scraped/Raw/32783833-hostage_reviews.csv
2024-10-05 19:33:41,750 - INFO - Saved 30 reviews for book ID: 32783833-hostage to Data/Reviews_Scraped/Raw/32783833-hostage_reviews.csv
2024-10-05 19:33:46,778 - INFO - Saved 30 reviews for book ID: 32783833-hostage to Data/Reviews_Scraped/Raw/32783833-hostage_reviews.csv
2024-10-05 19:33:52,098 - INFO - Saved 30 reviews for book ID: 32783833-hostage to Data/Reviews_Scraped/Raw/32783833-hostage_reviews.csv
2024-10-05 19:33:57,484 - INFO - Saved 30 reviews for book ID: 32783833-hostage to Data/Reviews_Scraped/Raw/32783833-hostage_reviews.csv
2024-10-05 19:34:04,043 - INFO - Saved 29 reviews for book ID: 32783833-hostage to Data/Reviews_Scraped/Raw/32783833-hostage_reviews.csv
2024-10-05 19:34:10,371 - INFO - Saved 30 reviews for book ID: 32783833-hostage to Data/Reviews_Scraped/Raw/32783833-hostage_reviews.csv
2024-10-05 19:34:16,913 - INFO - Saved 30 reviews for book ID: 32783833-hostage to Data/Reviews_Scraped/Raw/32783833-hostage_reviews.csv
2024-10-05 19:34:23,537 - INFO - Saved 30 reviews for book ID: 32783833-hostage to Data/Reviews_Scraped/Raw/32783833-hostage_reviews.csv
2024-10-05 19:34:30,339 - INFO - Saved 30 reviews for book ID: 32783833-hostage to Data/Reviews_Scraped/Raw/32783833-hostage_reviews.csv
2024-10-05 19:34:37,275 - INFO - Saved 30 reviews for book ID: 32783833-hostage to Data/Reviews_Scraped/Raw/32783833-hostage_reviews.csv
2024-10-05 19:34:45,915 - INFO - Saved 30 reviews for book ID: 32783833-hostage to Data/Reviews_Scraped/Raw/32783833-hostage_reviews.csv
2024-10-05 19:34:53,302 - INFO - Saved 30 reviews for book ID: 32783833-hostage to Data/Reviews_Scraped/Raw/32783833-hostage_reviews.csv
2024-10-05 19:35:01,574 - INFO - Saved 30 reviews for book ID: 32783833-hostage to Data/Reviews_Scraped/Raw/32783833-hostage_reviews.csv
2024-10-05 19:35:12,092 - INFO - Saved 30 reviews for book ID: 32783833-hostage to Data/Reviews_Scraped/Raw/32783833-hostage_reviews.csv
2024-10-05 19:35:20,477 - INFO - Saved 30 reviews for book ID: 32783833-hostage to Data/Reviews_Scraped/Raw/32783833-hostage_reviews.csv
2024-10-05 19:35:29,256 - INFO - Saved 30 reviews for book ID: 32783833-hostage to Data/Reviews_Scraped/Raw/32783833-hostage_reviews.csv
2024-10-05 19:35:39,463 - INFO - Saved 30 reviews for book ID: 32783833-hostage to Data/Reviews_Scraped/Raw/32783833-hostage_reviews.csv
2024-10-05 19:35:48,643 - INFO - Saved 27 reviews for book ID: 32783833-hostage to Data/Reviews_Scraped/Raw/32783833-hostage_reviews.csv
2024-10-05 19:35:48,679 - INFO - No 'Show more reviews' button found, all reviews are loaded.
2024-10-05 19:35:48,679 - INFO - Restarting WebDriver...
2024-10-05 19:35:54,217 - INFO - ====== WebDriver manager ======
2024-10-05 19:35:54,365 - INFO - Get LATEST chromedriver version for google-chrome
2024-10-05 19:35:54,604 - INFO - Get LATEST chromedriver version for google-chrome
2024-10-05 19:35:54,673 - INFO - Driver [/Users/odessialiu/.wdm/drivers/chromedriver/mac64/129.0.6668.89/chromedriver-mac-arm64/chromedriver] found in cache
2024-10-05 19:36:15,309 - INFO - Scraping reviews for book with Goodreads ID: 31944933-audubon-on-the-wings-of-the-world
2024-10-05 19:36:22,312 - INFO - Saved 30 reviews for book ID: 31944933-audubon-on-the-wings-of-the-world to Data/Reviews_Scraped/Raw/31944933-audubon-on-the-wings-of-the-world_reviews.csv
2024-10-05 19:36:25,574 - INFO - Saved 30 reviews for book ID: 31944933-audubon-on-the-wings-of-the-world to Data/Reviews_Scraped/Raw/31944933-audubon-on-the-wings-of-the-world_reviews.csv
2024-10-05 19:36:29,211 - INFO - Saved 30 reviews for book ID: 31944933-audubon-on-the-wings-of-the-world to Data/Reviews_Scraped/Raw/31944933-audubon-on-the-wings-of-the-world_reviews.csv
2024-10-05 19:36:32,649 - INFO - Saved 30 reviews for book ID: 31944933-audubon-on-the-wings-of-the-world to Data/Reviews_Scraped/Raw/31944933-audubon-on-the-wings-of-the-world_reviews.csv
2024-10-05 19:36:36,190 - INFO - Saved 30 reviews for book ID: 31944933-audubon-on-the-wings-of-the-world to Data/Reviews_Scraped/Raw/31944933-audubon-on-the-wings-of-the-world_reviews.csv
2024-10-05 19:36:39,868 - INFO - Saved 30 reviews for book ID: 31944933-audubon-on-the-wings-of-the-world to Data/Reviews_Scraped/Raw/31944933-audubon-on-the-wings-of-the-world_reviews.csv
2024-10-05 19:36:43,725 - INFO - Saved 30 reviews for book ID: 31944933-audubon-on-the-wings-of-the-world to Data/Reviews_Scraped/Raw/31944933-audubon-on-the-wings-of-the-world_reviews.csv
2024-10-05 19:36:47,711 - INFO - Saved 30 reviews for book ID: 31944933-audubon-on-the-wings-of-the-world to Data/Reviews_Scraped/Raw/31944933-audubon-on-the-wings-of-the-world_reviews.csv
2024-10-05 19:36:51,728 - INFO - Saved 30 reviews for book ID: 31944933-audubon-on-the-wings-of-the-world to Data/Reviews_Scraped/Raw/31944933-audubon-on-the-wings-of-the-world_reviews.csv
2024-10-05 19:36:55,844 - INFO - Saved 24 reviews for book ID: 31944933-audubon-on-the-wings-of-the-world to Data/Reviews_Scraped/Raw/31944933-audubon-on-the-wings-of-the-world_reviews.csv
2024-10-05 19:36:55,853 - INFO - No 'Show more reviews' button found, all reviews are loaded.
2024-10-05 19:37:06,172 - INFO - Scraping reviews for book with Goodreads ID: 43613453-darwin
2024-10-05 19:37:11,982 - INFO - Saved 30 reviews for book ID: 43613453-darwin to Data/Reviews_Scraped/Raw/43613453-darwin_reviews.csv
2024-10-05 19:37:15,198 - INFO - Saved 30 reviews for book ID: 43613453-darwin to Data/Reviews_Scraped/Raw/43613453-darwin_reviews.csv
2024-10-05 19:37:18,652 - INFO - Saved 30 reviews for book ID: 43613453-darwin to Data/Reviews_Scraped/Raw/43613453-darwin_reviews.csv
2024-10-05 19:37:21,997 - INFO - Saved 12 reviews for book ID: 43613453-darwin to Data/Reviews_Scraped/Raw/43613453-darwin_reviews.csv
2024-10-05 19:37:22,003 - INFO - No 'Show more reviews' button found, all reviews are loaded.
2024-10-05 19:37:40,256 - INFO - Scraping reviews for book with Goodreads ID: 61047526-tangier-in-the-rain
2024-10-05 19:37:45,909 - INFO - Saved 29 reviews for book ID: 61047526-tangier-in-the-rain to Data/Reviews_Scraped/Raw/61047526-tangier-in-the-rain_reviews.csv
2024-10-05 19:37:49,156 - INFO - Saved 30 reviews for book ID: 61047526-tangier-in-the-rain to Data/Reviews_Scraped/Raw/61047526-tangier-in-the-rain_reviews.csv
2024-10-05 19:37:52,434 - INFO - Saved 13 reviews for book ID: 61047526-tangier-in-the-rain to Data/Reviews_Scraped/Raw/61047526-tangier-in-the-rain_reviews.csv
2024-10-05 19:37:52,439 - INFO - No 'Show more reviews' button found, all reviews are loaded.
2024-10-05 19:38:06,554 - INFO - Scraping reviews for book with Goodreads ID: 50653505-charlotte-salomon
2024-10-05 19:38:11,485 - INFO - Saved 6 reviews for book ID: 50653505-charlotte-salomon to Data/Reviews_Scraped/Raw/50653505-charlotte-salomon_reviews.csv
2024-10-05 19:38:11,490 - INFO - No 'Show more reviews' button found, all reviews are loaded.
2024-10-05 19:38:22,303 - INFO - Scraping reviews for book with Goodreads ID: 27135263-the-incantations-of-daniel-johnston
2024-10-05 19:38:27,070 - INFO - Saved 30 reviews for book ID: 27135263-the-incantations-of-daniel-johnston to Data/Reviews_Scraped/Raw/27135263-the-incantations-of-daniel-johnston_reviews.csv
2024-10-05 19:38:30,287 - INFO - Saved 30 reviews for book ID: 27135263-the-incantations-of-daniel-johnston to Data/Reviews_Scraped/Raw/27135263-the-incantations-of-daniel-johnston_reviews.csv
2024-10-05 19:38:33,606 - INFO - Saved 29 reviews for book ID: 27135263-the-incantations-of-daniel-johnston to Data/Reviews_Scraped/Raw/27135263-the-incantations-of-daniel-johnston_reviews.csv
2024-10-05 19:38:33,612 - INFO - No 'Show more reviews' button found, all reviews are loaded.
2024-10-05 19:38:45,421 - INFO - Scraping reviews for book with Goodreads ID: 40186431-weegee
2024-10-05 19:38:50,125 - INFO - Saved 13 reviews for book ID: 40186431-weegee to Data/Reviews_Scraped/Raw/40186431-weegee_reviews.csv
2024-10-05 19:38:50,131 - INFO - No 'Show more reviews' button found, all reviews are loaded.
2024-10-05 19:39:04,921 - INFO - Scraping reviews for book with Goodreads ID: 31934542-rise-of-the-dungeon-master
2024-10-05 19:39:11,200 - INFO - Saved 30 reviews for book ID: 31934542-rise-of-the-dungeon-master to Data/Reviews_Scraped/Raw/31934542-rise-of-the-dungeon-master_reviews.csv
2024-10-05 19:39:14,484 - INFO - Saved 30 reviews for book ID: 31934542-rise-of-the-dungeon-master to Data/Reviews_Scraped/Raw/31934542-rise-of-the-dungeon-master_reviews.csv
2024-10-05 19:39:17,864 - INFO - Saved 30 reviews for book ID: 31934542-rise-of-the-dungeon-master to Data/Reviews_Scraped/Raw/31934542-rise-of-the-dungeon-master_reviews.csv
2024-10-05 19:39:21,323 - INFO - Saved 30 reviews for book ID: 31934542-rise-of-the-dungeon-master to Data/Reviews_Scraped/Raw/31934542-rise-of-the-dungeon-master_reviews.csv
2024-10-05 19:39:24,852 - INFO - Saved 30 reviews for book ID: 31934542-rise-of-the-dungeon-master to Data/Reviews_Scraped/Raw/31934542-rise-of-the-dungeon-master_reviews.csv
2024-10-05 19:39:28,584 - INFO - Saved 30 reviews for book ID: 31934542-rise-of-the-dungeon-master to Data/Reviews_Scraped/Raw/31934542-rise-of-the-dungeon-master_reviews.csv
2024-10-05 19:39:32,422 - INFO - Saved 30 reviews for book ID: 31934542-rise-of-the-dungeon-master to Data/Reviews_Scraped/Raw/31934542-rise-of-the-dungeon-master_reviews.csv
2024-10-05 19:39:36,268 - INFO - Saved 30 reviews for book ID: 31934542-rise-of-the-dungeon-master to Data/Reviews_Scraped/Raw/31934542-rise-of-the-dungeon-master_reviews.csv
2024-10-05 19:39:40,209 - INFO - Saved 8 reviews for book ID: 31934542-rise-of-the-dungeon-master to Data/Reviews_Scraped/Raw/31934542-rise-of-the-dungeon-master_reviews.csv
2024-10-05 19:39:40,217 - INFO - No 'Show more reviews' button found, all reviews are loaded.
2024-10-05 19:39:52,606 - INFO - Scraping reviews for book with Goodreads ID: 60680224-tokyo-rose---zero-hour
2024-10-05 19:39:57,518 - INFO - Saved 30 reviews for book ID: 60680224-tokyo-rose---zero-hour to Data/Reviews_Scraped/Raw/60680224-tokyo-rose---zero-hour_reviews.csv
2024-10-05 19:40:00,789 - INFO - Saved 14 reviews for book ID: 60680224-tokyo-rose---zero-hour to Data/Reviews_Scraped/Raw/60680224-tokyo-rose---zero-hour_reviews.csv
2024-10-05 19:40:00,795 - INFO - No 'Show more reviews' button found, all reviews are loaded.
2024-10-05 19:40:17,827 - INFO - Scraping reviews for book with Goodreads ID: 27395094-ginger-goodwin
2024-10-05 19:40:22,010 - INFO - Saved 5 reviews for book ID: 27395094-ginger-goodwin to Data/Reviews_Scraped/Raw/27395094-ginger-goodwin_reviews.csv
2024-10-05 19:40:22,014 - INFO - No 'Show more reviews' button found, all reviews are loaded.
2024-10-05 19:40:37,780 - INFO - Scraping reviews for book with Goodreads ID: 122649245-golden-boys
2024-10-05 19:40:42,340 - INFO - Saved 3 reviews for book ID: 122649245-golden-boys to Data/Reviews_Scraped/Raw/122649245-golden-boys_reviews.csv
2024-10-05 19:40:42,347 - INFO - No 'Show more reviews' button found, all reviews are loaded.
2024-10-05 19:40:42,347 - INFO - Restarting WebDriver...
2024-10-05 19:40:47,831 - INFO - ====== WebDriver manager ======
2024-10-05 19:40:47,954 - INFO - Get LATEST chromedriver version for google-chrome
2024-10-05 19:40:48,119 - INFO - Get LATEST chromedriver version for google-chrome
2024-10-05 19:40:48,201 - INFO - Driver [/Users/odessialiu/.wdm/drivers/chromedriver/mac64/129.0.6668.89/chromedriver-mac-arm64/chromedriver] found in cache
2024-10-05 19:41:05,807 - INFO - Scraping reviews for book with Goodreads ID: 25247938-the-fifth-beatle
2024-10-05 19:41:10,667 - INFO - Saved 30 reviews for book ID: 25247938-the-fifth-beatle to Data/Reviews_Scraped/Raw/25247938-the-fifth-beatle_reviews.csv
2024-10-05 19:41:14,031 - INFO - Saved 30 reviews for book ID: 25247938-the-fifth-beatle to Data/Reviews_Scraped/Raw/25247938-the-fifth-beatle_reviews.csv
2024-10-05 19:41:17,602 - INFO - Saved 30 reviews for book ID: 25247938-the-fifth-beatle to Data/Reviews_Scraped/Raw/25247938-the-fifth-beatle_reviews.csv
2024-10-05 19:41:21,052 - INFO - Saved 30 reviews for book ID: 25247938-the-fifth-beatle to Data/Reviews_Scraped/Raw/25247938-the-fifth-beatle_reviews.csv
2024-10-05 19:41:24,595 - INFO - Saved 30 reviews for book ID: 25247938-the-fifth-beatle to Data/Reviews_Scraped/Raw/25247938-the-fifth-beatle_reviews.csv
2024-10-05 19:41:28,251 - INFO - Saved 30 reviews for book ID: 25247938-the-fifth-beatle to Data/Reviews_Scraped/Raw/25247938-the-fifth-beatle_reviews.csv
2024-10-05 19:41:32,148 - INFO - Saved 30 reviews for book ID: 25247938-the-fifth-beatle to Data/Reviews_Scraped/Raw/25247938-the-fifth-beatle_reviews.csv
2024-10-05 19:41:36,181 - INFO - Saved 30 reviews for book ID: 25247938-the-fifth-beatle to Data/Reviews_Scraped/Raw/25247938-the-fifth-beatle_reviews.csv
2024-10-05 19:41:40,278 - INFO - Saved 30 reviews for book ID: 25247938-the-fifth-beatle to Data/Reviews_Scraped/Raw/25247938-the-fifth-beatle_reviews.csv
2024-10-05 19:41:44,973 - INFO - Saved 30 reviews for book ID: 25247938-the-fifth-beatle to Data/Reviews_Scraped/Raw/25247938-the-fifth-beatle_reviews.csv
2024-10-05 19:41:49,495 - INFO - Saved 30 reviews for book ID: 25247938-the-fifth-beatle to Data/Reviews_Scraped/Raw/25247938-the-fifth-beatle_reviews.csv
2024-10-05 19:41:54,250 - INFO - Saved 30 reviews for book ID: 25247938-the-fifth-beatle to Data/Reviews_Scraped/Raw/25247938-the-fifth-beatle_reviews.csv
2024-10-05 19:41:58,662 - INFO - Saved 4 reviews for book ID: 25247938-the-fifth-beatle to Data/Reviews_Scraped/Raw/25247938-the-fifth-beatle_reviews.csv
2024-10-05 19:41:58,674 - INFO - No 'Show more reviews' button found, all reviews are loaded.
2024-10-05 19:42:14,488 - INFO - Scraping reviews for book with Goodreads ID: 61311622-guardian-of-fukushima
2024-10-05 19:42:20,481 - INFO - Saved 30 reviews for book ID: 61311622-guardian-of-fukushima to Data/Reviews_Scraped/Raw/61311622-guardian-of-fukushima_reviews.csv
2024-10-05 19:42:23,683 - INFO - Saved 30 reviews for book ID: 61311622-guardian-of-fukushima to Data/Reviews_Scraped/Raw/61311622-guardian-of-fukushima_reviews.csv
2024-10-05 19:42:23,704 - INFO - No 'Show more reviews' button found, all reviews are loaded.
2024-10-05 19:42:36,625 - INFO - Scraping reviews for book with Goodreads ID: 54818054-hokusai
2024-10-05 19:42:41,874 - INFO - Saved 30 reviews for book ID: 54818054-hokusai to Data/Reviews_Scraped/Raw/54818054-hokusai_reviews.csv
2024-10-05 19:42:45,026 - INFO - Saved 3 reviews for book ID: 54818054-hokusai to Data/Reviews_Scraped/Raw/54818054-hokusai_reviews.csv
2024-10-05 19:42:45,032 - INFO - No 'Show more reviews' button found, all reviews are loaded.
2024-10-05 19:42:57,776 - INFO - Scraping reviews for book with Goodreads ID: 16678351-superzelda
2024-10-05 19:43:02,955 - INFO - Saved 30 reviews for book ID: 16678351-superzelda to Data/Reviews_Scraped/Raw/16678351-superzelda_reviews.csv
2024-10-05 19:43:06,166 - INFO - Saved 30 reviews for book ID: 16678351-superzelda to Data/Reviews_Scraped/Raw/16678351-superzelda_reviews.csv
2024-10-05 19:43:09,465 - INFO - Saved 2 reviews for book ID: 16678351-superzelda to Data/Reviews_Scraped/Raw/16678351-superzelda_reviews.csv
2024-10-05 19:43:09,472 - INFO - No 'Show more reviews' button found, all reviews are loaded.
2024-10-05 19:43:23,813 - INFO - Scraping reviews for book with Goodreads ID: 20609980-kurt-cobain
2024-10-05 19:43:28,489 - INFO - Saved 17 reviews for book ID: 20609980-kurt-cobain to Data/Reviews_Scraped/Raw/20609980-kurt-cobain_reviews.csv
2024-10-05 19:43:28,495 - INFO - No 'Show more reviews' button found, all reviews are loaded.
2024-10-05 19:43:46,791 - INFO - Scraping reviews for book with Goodreads ID: 50802077-regards-ditko
2024-10-05 19:43:51,174 - INFO - Saved 2 reviews for book ID: 50802077-regards-ditko to Data/Reviews_Scraped/Raw/50802077-regards-ditko_reviews.csv
2024-10-05 19:43:51,178 - INFO - No 'Show more reviews' button found, all reviews are loaded.
2024-10-05 19:44:04,101 - INFO - Scraping reviews for book with Goodreads ID: 34774305-egon-schiele
2024-10-05 19:44:08,850 - INFO - Saved 25 reviews for book ID: 34774305-egon-schiele to Data/Reviews_Scraped/Raw/34774305-egon-schiele_reviews.csv
2024-10-05 19:44:08,855 - INFO - No 'Show more reviews' button found, all reviews are loaded.
2024-10-05 19:44:20,135 - INFO - Scraping reviews for book with Goodreads ID: 57716146-a-revolution-in-three-acts
2024-10-05 19:44:24,405 - INFO - Saved 13 reviews for book ID: 57716146-a-revolution-in-three-acts to Data/Reviews_Scraped/Raw/57716146-a-revolution-in-three-acts_reviews.csv
2024-10-05 19:44:24,410 - INFO - No 'Show more reviews' button found, all reviews are loaded.
2024-10-05 19:44:42,829 - INFO - Scraping reviews for book with Goodreads ID: 63065575-george-s-run
2024-10-05 19:44:48,384 - INFO - Saved 6 reviews for book ID: 63065575-george-s-run to Data/Reviews_Scraped/Raw/63065575-george-s-run_reviews.csv
2024-10-05 19:44:48,392 - INFO - No 'Show more reviews' button found, all reviews are loaded.
2024-10-05 19:45:01,114 - INFO - Scraping reviews for book with Goodreads ID: 57563687-emma-dreams-of-stars
2024-10-05 19:45:06,928 - INFO - Saved 30 reviews for book ID: 57563687-emma-dreams-of-stars to Data/Reviews_Scraped/Raw/57563687-emma-dreams-of-stars_reviews.csv
2024-10-05 19:45:10,207 - INFO - Saved 30 reviews for book ID: 57563687-emma-dreams-of-stars to Data/Reviews_Scraped/Raw/57563687-emma-dreams-of-stars_reviews.csv
2024-10-05 19:45:13,502 - INFO - Saved 18 reviews for book ID: 57563687-emma-dreams-of-stars to Data/Reviews_Scraped/Raw/57563687-emma-dreams-of-stars_reviews.csv
2024-10-05 19:45:13,507 - INFO - No 'Show more reviews' button found, all reviews are loaded.
2024-10-05 19:45:13,507 - INFO - Restarting WebDriver...
2024-10-05 19:45:18,963 - INFO - ====== WebDriver manager ======
2024-10-05 19:45:19,089 - INFO - Get LATEST chromedriver version for google-chrome
2024-10-05 19:45:19,162 - INFO - Get LATEST chromedriver version for google-chrome
2024-10-05 19:45:19,217 - INFO - Driver [/Users/odessialiu/.wdm/drivers/chromedriver/mac64/129.0.6668.89/chromedriver-mac-arm64/chromedriver] found in cache
2024-10-05 19:45:35,521 - INFO - Scraping reviews for book with Goodreads ID: 58437897-petrograd
2024-10-05 19:45:44,894 - INFO - Saved 30 reviews for book ID: 58437897-petrograd to Data/Reviews_Scraped/Raw/58437897-petrograd_reviews.csv
2024-10-05 19:45:48,166 - INFO - Saved 30 reviews for book ID: 58437897-petrograd to Data/Reviews_Scraped/Raw/58437897-petrograd_reviews.csv
2024-10-05 19:45:51,532 - INFO - Saved 30 reviews for book ID: 58437897-petrograd to Data/Reviews_Scraped/Raw/58437897-petrograd_reviews.csv
2024-10-05 19:45:54,952 - INFO - Saved 30 reviews for book ID: 58437897-petrograd to Data/Reviews_Scraped/Raw/58437897-petrograd_reviews.csv
2024-10-05 19:45:58,530 - INFO - Saved 30 reviews for book ID: 58437897-petrograd to Data/Reviews_Scraped/Raw/58437897-petrograd_reviews.csv
2024-10-05 19:46:02,230 - INFO - Saved 14 reviews for book ID: 58437897-petrograd to Data/Reviews_Scraped/Raw/58437897-petrograd_reviews.csv
2024-10-05 19:46:02,237 - INFO - No 'Show more reviews' button found, all reviews are loaded.
2024-10-05 19:46:20,565 - INFO - Scraping reviews for book with Goodreads ID: 53022293-topp
2024-10-05 19:46:25,771 - INFO - Saved 2 reviews for book ID: 53022293-topp to Data/Reviews_Scraped/Raw/53022293-topp_reviews.csv
2024-10-05 19:46:25,780 - INFO - No 'Show more reviews' button found, all reviews are loaded.
2024-10-05 19:46:37,236 - INFO - Scraping reviews for book with Goodreads ID: 61825623-hendrix
2024-10-05 19:46:42,045 - INFO - Saved 30 reviews for book ID: 61825623-hendrix to Data/Reviews_Scraped/Raw/61825623-hendrix_reviews.csv
2024-10-05 19:46:45,624 - INFO - Saved 5 reviews for book ID: 61825623-hendrix to Data/Reviews_Scraped/Raw/61825623-hendrix_reviews.csv
2024-10-05 19:46:45,633 - INFO - No 'Show more reviews' button found, all reviews are loaded.
2024-10-05 19:47:04,190 - INFO - Scraping reviews for book with Goodreads ID: 57455011-artemisia
2024-10-05 19:47:09,735 - INFO - Saved 30 reviews for book ID: 57455011-artemisia to Data/Reviews_Scraped/Raw/57455011-artemisia_reviews.csv
2024-10-05 19:47:13,050 - INFO - Saved 30 reviews for book ID: 57455011-artemisia to Data/Reviews_Scraped/Raw/57455011-artemisia_reviews.csv
2024-10-05 19:47:16,314 - INFO - Saved 9 reviews for book ID: 57455011-artemisia to Data/Reviews_Scraped/Raw/57455011-artemisia_reviews.csv
2024-10-05 19:47:16,320 - INFO - No 'Show more reviews' button found, all reviews are loaded.
2024-10-05 19:47:31,288 - INFO - Scraping reviews for book with Goodreads ID: 55554047-billie-holiday
2024-10-05 19:47:36,577 - INFO - Saved 18 reviews for book ID: 55554047-billie-holiday to Data/Reviews_Scraped/Raw/55554047-billie-holiday_reviews.csv
2024-10-05 19:47:36,585 - INFO - No 'Show more reviews' button found, all reviews are loaded.
2024-10-05 19:47:52,625 - INFO - Scraping reviews for book with Goodreads ID: 130006691-hockney
2024-10-05 19:47:57,227 - INFO - Saved 7 reviews for book ID: 130006691-hockney to Data/Reviews_Scraped/Raw/130006691-hockney_reviews.csv
2024-10-05 19:47:57,231 - INFO - No 'Show more reviews' button found, all reviews are loaded.
2024-10-05 19:48:11,473 - INFO - Scraping reviews for book with Goodreads ID: 182761382-andy-warhol
2024-10-05 19:48:15,627 - INFO - Saved 30 reviews for book ID: 182761382-andy-warhol to Data/Reviews_Scraped/Raw/182761382-andy-warhol_reviews.csv
2024-10-05 19:48:18,855 - INFO - Saved 30 reviews for book ID: 182761382-andy-warhol to Data/Reviews_Scraped/Raw/182761382-andy-warhol_reviews.csv
2024-10-05 19:48:22,147 - INFO - Saved 10 reviews for book ID: 182761382-andy-warhol to Data/Reviews_Scraped/Raw/182761382-andy-warhol_reviews.csv
2024-10-05 19:48:22,152 - INFO - No 'Show more reviews' button found, all reviews are loaded.
2024-10-05 19:48:35,801 - INFO - Scraping reviews for book with Goodreads ID: 182761906-quentin-tarantino
2024-10-05 19:48:40,523 - INFO - Saved 30 reviews for book ID: 182761906-quentin-tarantino to Data/Reviews_Scraped/Raw/182761906-quentin-tarantino_reviews.csv
2024-10-05 19:48:43,694 - INFO - Saved 7 reviews for book ID: 182761906-quentin-tarantino to Data/Reviews_Scraped/Raw/182761906-quentin-tarantino_reviews.csv
2024-10-05 19:48:43,700 - INFO - No 'Show more reviews' button found, all reviews are loaded.
