2024-10-12 18:17:17,888 - INFO - ====== WebDriver manager ======
2024-10-12 18:17:19,220 - INFO - Get LATEST chromedriver version for google-chrome
2024-10-12 18:17:19,252 - INFO - Get LATEST chromedriver version for google-chrome
2024-10-12 18:17:19,283 - INFO - Driver [C:\Users\qilinliu\.wdm\drivers\chromedriver\win64\129.0.6668.100\chromedriver-win32/chromedriver.exe] found in cache
2024-10-12 18:17:20,462 - INFO - Scraping reviews for book with Goodreads ID: 22487952-march
2024-10-12 18:17:25,973 - INFO - Saved 30 reviews for book ID: 22487952-march to Data/Reviews_Scraped/Raw/22487952-march_reviews.csv
2024-10-12 18:17:29,252 - INFO - Saved 30 reviews for book ID: 22487952-march to Data/Reviews_Scraped/Raw/22487952-march_reviews.csv
2024-10-12 18:17:32,621 - INFO - Saved 30 reviews for book ID: 22487952-march to Data/Reviews_Scraped/Raw/22487952-march_reviews.csv
2024-10-12 18:17:36,052 - INFO - Saved 30 reviews for book ID: 22487952-march to Data/Reviews_Scraped/Raw/22487952-march_reviews.csv
2024-10-12 18:17:39,599 - INFO - Saved 30 reviews for book ID: 22487952-march to Data/Reviews_Scraped/Raw/22487952-march_reviews.csv
2024-10-12 18:17:43,249 - INFO - Saved 30 reviews for book ID: 22487952-march to Data/Reviews_Scraped/Raw/22487952-march_reviews.csv
2024-10-12 18:17:47,003 - INFO - Saved 30 reviews for book ID: 22487952-march to Data/Reviews_Scraped/Raw/22487952-march_reviews.csv
2024-10-12 18:17:50,886 - INFO - Saved 30 reviews for book ID: 22487952-march to Data/Reviews_Scraped/Raw/22487952-march_reviews.csv
2024-10-12 18:17:54,902 - INFO - Saved 30 reviews for book ID: 22487952-march to Data/Reviews_Scraped/Raw/22487952-march_reviews.csv
2024-10-12 18:17:59,060 - INFO - Saved 30 reviews for book ID: 22487952-march to Data/Reviews_Scraped/Raw/22487952-march_reviews.csv
2024-10-12 18:18:03,304 - INFO - Saved 30 reviews for book ID: 22487952-march to Data/Reviews_Scraped/Raw/22487952-march_reviews.csv
2024-10-12 18:18:07,629 - INFO - Saved 30 reviews for book ID: 22487952-march to Data/Reviews_Scraped/Raw/22487952-march_reviews.csv
2024-10-12 18:18:12,186 - INFO - Saved 30 reviews for book ID: 22487952-march to Data/Reviews_Scraped/Raw/22487952-march_reviews.csv
2024-10-12 18:18:16,812 - INFO - Saved 30 reviews for book ID: 22487952-march to Data/Reviews_Scraped/Raw/22487952-march_reviews.csv
2024-10-12 18:18:21,565 - INFO - Saved 30 reviews for book ID: 22487952-march to Data/Reviews_Scraped/Raw/22487952-march_reviews.csv
2024-10-12 18:18:26,479 - INFO - Saved 30 reviews for book ID: 22487952-march to Data/Reviews_Scraped/Raw/22487952-march_reviews.csv
2024-10-12 18:18:31,476 - INFO - Saved 30 reviews for book ID: 22487952-march to Data/Reviews_Scraped/Raw/22487952-march_reviews.csv
2024-10-12 18:18:36,642 - INFO - Saved 30 reviews for book ID: 22487952-march to Data/Reviews_Scraped/Raw/22487952-march_reviews.csv
2024-10-12 18:18:41,926 - INFO - Saved 30 reviews for book ID: 22487952-march to Data/Reviews_Scraped/Raw/22487952-march_reviews.csv
2024-10-12 18:18:47,410 - INFO - Saved 30 reviews for book ID: 22487952-march to Data/Reviews_Scraped/Raw/22487952-march_reviews.csv
2024-10-12 18:18:52,953 - INFO - Saved 30 reviews for book ID: 22487952-march to Data/Reviews_Scraped/Raw/22487952-march_reviews.csv
2024-10-12 18:18:58,993 - INFO - Saved 30 reviews for book ID: 22487952-march to Data/Reviews_Scraped/Raw/22487952-march_reviews.csv
2024-10-12 18:19:05,000 - INFO - Saved 30 reviews for book ID: 22487952-march to Data/Reviews_Scraped/Raw/22487952-march_reviews.csv
2024-10-12 18:19:11,058 - INFO - Saved 30 reviews for book ID: 22487952-march to Data/Reviews_Scraped/Raw/22487952-march_reviews.csv
2024-10-12 18:19:17,353 - INFO - Saved 30 reviews for book ID: 22487952-march to Data/Reviews_Scraped/Raw/22487952-march_reviews.csv
2024-10-12 18:19:23,692 - INFO - Saved 30 reviews for book ID: 22487952-march to Data/Reviews_Scraped/Raw/22487952-march_reviews.csv
2024-10-12 18:19:30,416 - INFO - Saved 30 reviews for book ID: 22487952-march to Data/Reviews_Scraped/Raw/22487952-march_reviews.csv
2024-10-12 18:19:37,307 - INFO - Saved 30 reviews for book ID: 22487952-march to Data/Reviews_Scraped/Raw/22487952-march_reviews.csv
2024-10-12 18:19:44,367 - INFO - Saved 30 reviews for book ID: 22487952-march to Data/Reviews_Scraped/Raw/22487952-march_reviews.csv
2024-10-12 18:19:51,359 - INFO - Saved 30 reviews for book ID: 22487952-march to Data/Reviews_Scraped/Raw/22487952-march_reviews.csv
2024-10-12 18:19:58,505 - INFO - Saved 30 reviews for book ID: 22487952-march to Data/Reviews_Scraped/Raw/22487952-march_reviews.csv
2024-10-12 18:20:05,864 - INFO - Saved 30 reviews for book ID: 22487952-march to Data/Reviews_Scraped/Raw/22487952-march_reviews.csv
2024-10-12 18:20:13,471 - INFO - Saved 30 reviews for book ID: 22487952-march to Data/Reviews_Scraped/Raw/22487952-march_reviews.csv
2024-10-12 18:20:21,497 - INFO - Saved 30 reviews for book ID: 22487952-march to Data/Reviews_Scraped/Raw/22487952-march_reviews.csv
2024-10-12 18:20:29,564 - INFO - Saved 30 reviews for book ID: 22487952-march to Data/Reviews_Scraped/Raw/22487952-march_reviews.csv
2024-10-12 18:20:37,781 - INFO - Saved 30 reviews for book ID: 22487952-march to Data/Reviews_Scraped/Raw/22487952-march_reviews.csv
2024-10-12 18:20:46,314 - INFO - Saved 30 reviews for book ID: 22487952-march to Data/Reviews_Scraped/Raw/22487952-march_reviews.csv
2024-10-12 18:20:54,694 - INFO - Saved 30 reviews for book ID: 22487952-march to Data/Reviews_Scraped/Raw/22487952-march_reviews.csv
2024-10-12 18:21:03,647 - INFO - Saved 30 reviews for book ID: 22487952-march to Data/Reviews_Scraped/Raw/22487952-march_reviews.csv
2024-10-12 18:21:12,552 - INFO - Saved 30 reviews for book ID: 22487952-march to Data/Reviews_Scraped/Raw/22487952-march_reviews.csv
2024-10-12 18:21:22,333 - INFO - Saved 30 reviews for book ID: 22487952-march to Data/Reviews_Scraped/Raw/22487952-march_reviews.csv
2024-10-12 18:21:32,043 - INFO - Saved 30 reviews for book ID: 22487952-march to Data/Reviews_Scraped/Raw/22487952-march_reviews.csv
2024-10-12 18:21:42,203 - INFO - Saved 30 reviews for book ID: 22487952-march to Data/Reviews_Scraped/Raw/22487952-march_reviews.csv
2024-10-12 18:21:52,921 - INFO - Saved 30 reviews for book ID: 22487952-march to Data/Reviews_Scraped/Raw/22487952-march_reviews.csv
2024-10-12 18:22:03,507 - INFO - Saved 30 reviews for book ID: 22487952-march to Data/Reviews_Scraped/Raw/22487952-march_reviews.csv
2024-10-12 18:22:14,155 - INFO - Saved 30 reviews for book ID: 22487952-march to Data/Reviews_Scraped/Raw/22487952-march_reviews.csv
2024-10-12 18:22:25,231 - INFO - Saved 30 reviews for book ID: 22487952-march to Data/Reviews_Scraped/Raw/22487952-march_reviews.csv
2024-10-12 18:22:36,546 - INFO - Saved 30 reviews for book ID: 22487952-march to Data/Reviews_Scraped/Raw/22487952-march_reviews.csv
2024-10-12 18:22:47,825 - INFO - Saved 30 reviews for book ID: 22487952-march to Data/Reviews_Scraped/Raw/22487952-march_reviews.csv
2024-10-12 18:22:59,276 - INFO - Saved 30 reviews for book ID: 22487952-march to Data/Reviews_Scraped/Raw/22487952-march_reviews.csv
2024-10-12 18:23:11,049 - INFO - Saved 30 reviews for book ID: 22487952-march to Data/Reviews_Scraped/Raw/22487952-march_reviews.csv
2024-10-12 18:23:23,414 - INFO - Saved 30 reviews for book ID: 22487952-march to Data/Reviews_Scraped/Raw/22487952-march_reviews.csv
2024-10-12 18:23:35,787 - INFO - Saved 30 reviews for book ID: 22487952-march to Data/Reviews_Scraped/Raw/22487952-march_reviews.csv
2024-10-12 18:23:48,305 - INFO - Saved 30 reviews for book ID: 22487952-march to Data/Reviews_Scraped/Raw/22487952-march_reviews.csv
2024-10-12 18:24:00,659 - INFO - Saved 30 reviews for book ID: 22487952-march to Data/Reviews_Scraped/Raw/22487952-march_reviews.csv
2024-10-12 18:24:13,391 - INFO - Saved 30 reviews for book ID: 22487952-march to Data/Reviews_Scraped/Raw/22487952-march_reviews.csv
2024-10-12 18:24:27,120 - INFO - Saved 30 reviews for book ID: 22487952-march to Data/Reviews_Scraped/Raw/22487952-march_reviews.csv
2024-10-12 18:24:41,353 - INFO - Saved 30 reviews for book ID: 22487952-march to Data/Reviews_Scraped/Raw/22487952-march_reviews.csv
2024-10-12 18:24:54,964 - INFO - Saved 30 reviews for book ID: 22487952-march to Data/Reviews_Scraped/Raw/22487952-march_reviews.csv
2024-10-12 18:25:09,717 - INFO - Saved 30 reviews for book ID: 22487952-march to Data/Reviews_Scraped/Raw/22487952-march_reviews.csv
2024-10-12 18:25:24,097 - INFO - Saved 30 reviews for book ID: 22487952-march to Data/Reviews_Scraped/Raw/22487952-march_reviews.csv
2024-10-12 18:25:39,485 - INFO - Saved 30 reviews for book ID: 22487952-march to Data/Reviews_Scraped/Raw/22487952-march_reviews.csv
2024-10-12 18:25:55,515 - INFO - Saved 30 reviews for book ID: 22487952-march to Data/Reviews_Scraped/Raw/22487952-march_reviews.csv
2024-10-12 18:26:11,650 - INFO - Saved 30 reviews for book ID: 22487952-march to Data/Reviews_Scraped/Raw/22487952-march_reviews.csv
2024-10-12 18:26:27,898 - INFO - Saved 30 reviews for book ID: 22487952-march to Data/Reviews_Scraped/Raw/22487952-march_reviews.csv
2024-10-12 18:26:45,518 - INFO - Saved 30 reviews for book ID: 22487952-march to Data/Reviews_Scraped/Raw/22487952-march_reviews.csv
2024-10-12 18:27:02,396 - INFO - Saved 30 reviews for book ID: 22487952-march to Data/Reviews_Scraped/Raw/22487952-march_reviews.csv
2024-10-12 18:27:18,734 - INFO - Saved 30 reviews for book ID: 22487952-march to Data/Reviews_Scraped/Raw/22487952-march_reviews.csv
2024-10-12 18:27:36,284 - INFO - Saved 30 reviews for book ID: 22487952-march to Data/Reviews_Scraped/Raw/22487952-march_reviews.csv
2024-10-12 18:27:54,573 - INFO - Saved 30 reviews for book ID: 22487952-march to Data/Reviews_Scraped/Raw/22487952-march_reviews.csv
2024-10-12 18:28:11,994 - INFO - Saved 29 reviews for book ID: 22487952-march to Data/Reviews_Scraped/Raw/22487952-march_reviews.csv
2024-10-12 18:28:31,236 - INFO - Saved 30 reviews for book ID: 22487952-march to Data/Reviews_Scraped/Raw/22487952-march_reviews.csv
2024-10-12 18:28:49,642 - INFO - Saved 30 reviews for book ID: 22487952-march to Data/Reviews_Scraped/Raw/22487952-march_reviews.csv
2024-10-12 18:29:08,710 - INFO - Saved 30 reviews for book ID: 22487952-march to Data/Reviews_Scraped/Raw/22487952-march_reviews.csv
2024-10-12 18:29:27,855 - INFO - Saved 30 reviews for book ID: 22487952-march to Data/Reviews_Scraped/Raw/22487952-march_reviews.csv
2024-10-12 18:29:47,437 - INFO - Saved 30 reviews for book ID: 22487952-march to Data/Reviews_Scraped/Raw/22487952-march_reviews.csv
2024-10-12 18:30:07,423 - INFO - Saved 30 reviews for book ID: 22487952-march to Data/Reviews_Scraped/Raw/22487952-march_reviews.csv
2024-10-12 18:30:27,427 - INFO - Saved 30 reviews for book ID: 22487952-march to Data/Reviews_Scraped/Raw/22487952-march_reviews.csv
2024-10-12 18:30:48,509 - INFO - Saved 30 reviews for book ID: 22487952-march to Data/Reviews_Scraped/Raw/22487952-march_reviews.csv
2024-10-12 18:31:09,205 - INFO - Saved 30 reviews for book ID: 22487952-march to Data/Reviews_Scraped/Raw/22487952-march_reviews.csv
2024-10-12 18:31:29,830 - INFO - Saved 30 reviews for book ID: 22487952-march to Data/Reviews_Scraped/Raw/22487952-march_reviews.csv
2024-10-12 18:31:50,765 - INFO - Saved 30 reviews for book ID: 22487952-march to Data/Reviews_Scraped/Raw/22487952-march_reviews.csv
2024-10-12 18:32:11,416 - INFO - Saved 30 reviews for book ID: 22487952-march to Data/Reviews_Scraped/Raw/22487952-march_reviews.csv
2024-10-12 18:32:33,531 - INFO - Saved 30 reviews for book ID: 22487952-march to Data/Reviews_Scraped/Raw/22487952-march_reviews.csv
2024-10-12 18:32:56,753 - INFO - Saved 30 reviews for book ID: 22487952-march to Data/Reviews_Scraped/Raw/22487952-march_reviews.csv
2024-10-12 18:33:20,098 - INFO - Saved 30 reviews for book ID: 22487952-march to Data/Reviews_Scraped/Raw/22487952-march_reviews.csv
2024-10-12 18:33:42,800 - INFO - Saved 30 reviews for book ID: 22487952-march to Data/Reviews_Scraped/Raw/22487952-march_reviews.csv
2024-10-12 18:34:05,509 - INFO - Saved 30 reviews for book ID: 22487952-march to Data/Reviews_Scraped/Raw/22487952-march_reviews.csv
2024-10-12 18:34:29,370 - INFO - Saved 30 reviews for book ID: 22487952-march to Data/Reviews_Scraped/Raw/22487952-march_reviews.csv
2024-10-12 18:34:52,428 - INFO - Saved 30 reviews for book ID: 22487952-march to Data/Reviews_Scraped/Raw/22487952-march_reviews.csv
2024-10-12 18:35:18,308 - INFO - Saved 13 reviews for book ID: 22487952-march to Data/Reviews_Scraped/Raw/22487952-march_reviews.csv
2024-10-12 18:35:18,361 - INFO - No 'Show more reviews' button found, all reviews are loaded.
2024-10-12 18:35:31,745 - INFO - Driver session closed.
