2024-10-12 18:39:55,145 - INFO - ====== WebDriver manager ======
2024-10-12 18:39:56,815 - INFO - Get LATEST chromedriver version for google-chrome
2024-10-12 18:39:56,930 - INFO - Get LATEST chromedriver version for google-chrome
2024-10-12 18:39:56,963 - INFO - Driver [C:\Users\qilinliu\.wdm\drivers\chromedriver\win64\129.0.6668.100\chromedriver-win32/chromedriver.exe] found in cache
2024-10-12 18:39:58,737 - INFO - Scraping reviews for book with Goodreads ID: 29436571-march
2024-10-12 18:40:06,720 - INFO - Saved 30 reviews for book ID: 29436571-march to Data/Reviews_Scraped/Raw/29436571-march_reviews.csv
2024-10-12 18:40:10,019 - INFO - Saved 30 reviews for book ID: 29436571-march to Data/Reviews_Scraped/Raw/29436571-march_reviews.csv
2024-10-12 18:40:13,373 - INFO - Saved 30 reviews for book ID: 29436571-march to Data/Reviews_Scraped/Raw/29436571-march_reviews.csv
2024-10-12 18:40:16,862 - INFO - Saved 30 reviews for book ID: 29436571-march to Data/Reviews_Scraped/Raw/29436571-march_reviews.csv
2024-10-12 18:40:20,429 - INFO - Saved 30 reviews for book ID: 29436571-march to Data/Reviews_Scraped/Raw/29436571-march_reviews.csv
2024-10-12 18:40:24,123 - INFO - Saved 30 reviews for book ID: 29436571-march to Data/Reviews_Scraped/Raw/29436571-march_reviews.csv
2024-10-12 18:40:27,880 - INFO - Saved 30 reviews for book ID: 29436571-march to Data/Reviews_Scraped/Raw/29436571-march_reviews.csv
2024-10-12 18:40:31,785 - INFO - Saved 30 reviews for book ID: 29436571-march to Data/Reviews_Scraped/Raw/29436571-march_reviews.csv
2024-10-12 18:40:35,810 - INFO - Saved 30 reviews for book ID: 29436571-march to Data/Reviews_Scraped/Raw/29436571-march_reviews.csv
2024-10-12 18:40:39,953 - INFO - Saved 30 reviews for book ID: 29436571-march to Data/Reviews_Scraped/Raw/29436571-march_reviews.csv
2024-10-12 18:40:44,227 - INFO - Saved 30 reviews for book ID: 29436571-march to Data/Reviews_Scraped/Raw/29436571-march_reviews.csv
2024-10-12 18:40:48,590 - INFO - Saved 30 reviews for book ID: 29436571-march to Data/Reviews_Scraped/Raw/29436571-march_reviews.csv
2024-10-12 18:40:53,086 - INFO - Saved 30 reviews for book ID: 29436571-march to Data/Reviews_Scraped/Raw/29436571-march_reviews.csv
2024-10-12 18:40:57,704 - INFO - Saved 30 reviews for book ID: 29436571-march to Data/Reviews_Scraped/Raw/29436571-march_reviews.csv
2024-10-12 18:41:02,443 - INFO - Saved 30 reviews for book ID: 29436571-march to Data/Reviews_Scraped/Raw/29436571-march_reviews.csv
2024-10-12 18:41:07,313 - INFO - Saved 30 reviews for book ID: 29436571-march to Data/Reviews_Scraped/Raw/29436571-march_reviews.csv
2024-10-12 18:41:12,342 - INFO - Saved 30 reviews for book ID: 29436571-march to Data/Reviews_Scraped/Raw/29436571-march_reviews.csv
2024-10-12 18:41:17,458 - INFO - Saved 30 reviews for book ID: 29436571-march to Data/Reviews_Scraped/Raw/29436571-march_reviews.csv
2024-10-12 18:41:22,758 - INFO - Saved 30 reviews for book ID: 29436571-march to Data/Reviews_Scraped/Raw/29436571-march_reviews.csv
2024-10-12 18:41:28,203 - INFO - Saved 30 reviews for book ID: 29436571-march to Data/Reviews_Scraped/Raw/29436571-march_reviews.csv
2024-10-12 18:41:33,777 - INFO - Saved 30 reviews for book ID: 29436571-march to Data/Reviews_Scraped/Raw/29436571-march_reviews.csv
2024-10-12 18:41:39,498 - INFO - Saved 30 reviews for book ID: 29436571-march to Data/Reviews_Scraped/Raw/29436571-march_reviews.csv
2024-10-12 18:41:45,384 - INFO - Saved 30 reviews for book ID: 29436571-march to Data/Reviews_Scraped/Raw/29436571-march_reviews.csv
2024-10-12 18:41:51,433 - INFO - Saved 30 reviews for book ID: 29436571-march to Data/Reviews_Scraped/Raw/29436571-march_reviews.csv
2024-10-12 18:41:57,684 - INFO - Saved 30 reviews for book ID: 29436571-march to Data/Reviews_Scraped/Raw/29436571-march_reviews.csv
2024-10-12 18:42:04,041 - INFO - Saved 30 reviews for book ID: 29436571-march to Data/Reviews_Scraped/Raw/29436571-march_reviews.csv
2024-10-12 18:42:10,586 - INFO - Saved 30 reviews for book ID: 29436571-march to Data/Reviews_Scraped/Raw/29436571-march_reviews.csv
2024-10-12 18:42:17,310 - INFO - Saved 30 reviews for book ID: 29436571-march to Data/Reviews_Scraped/Raw/29436571-march_reviews.csv
2024-10-12 18:42:24,283 - INFO - Saved 30 reviews for book ID: 29436571-march to Data/Reviews_Scraped/Raw/29436571-march_reviews.csv
2024-10-12 18:42:31,453 - INFO - Saved 30 reviews for book ID: 29436571-march to Data/Reviews_Scraped/Raw/29436571-march_reviews.csv
2024-10-12 18:42:38,662 - INFO - Saved 30 reviews for book ID: 29436571-march to Data/Reviews_Scraped/Raw/29436571-march_reviews.csv
2024-10-12 18:42:46,239 - INFO - Saved 30 reviews for book ID: 29436571-march to Data/Reviews_Scraped/Raw/29436571-march_reviews.csv
2024-10-12 18:42:54,155 - INFO - Saved 30 reviews for book ID: 29436571-march to Data/Reviews_Scraped/Raw/29436571-march_reviews.csv
2024-10-12 18:43:02,180 - INFO - Saved 30 reviews for book ID: 29436571-march to Data/Reviews_Scraped/Raw/29436571-march_reviews.csv
2024-10-12 18:43:10,488 - INFO - Saved 30 reviews for book ID: 29436571-march to Data/Reviews_Scraped/Raw/29436571-march_reviews.csv
2024-10-12 18:43:19,325 - INFO - Saved 29 reviews for book ID: 29436571-march to Data/Reviews_Scraped/Raw/29436571-march_reviews.csv
2024-10-12 18:43:28,125 - INFO - Saved 30 reviews for book ID: 29436571-march to Data/Reviews_Scraped/Raw/29436571-march_reviews.csv
2024-10-12 18:43:37,522 - INFO - Saved 30 reviews for book ID: 29436571-march to Data/Reviews_Scraped/Raw/29436571-march_reviews.csv
2024-10-12 18:43:47,287 - INFO - Saved 30 reviews for book ID: 29436571-march to Data/Reviews_Scraped/Raw/29436571-march_reviews.csv
2024-10-12 18:43:56,493 - INFO - Saved 30 reviews for book ID: 29436571-march to Data/Reviews_Scraped/Raw/29436571-march_reviews.csv
2024-10-12 18:44:06,362 - INFO - Saved 30 reviews for book ID: 29436571-march to Data/Reviews_Scraped/Raw/29436571-march_reviews.csv
2024-10-12 18:44:16,428 - INFO - Saved 30 reviews for book ID: 29436571-march to Data/Reviews_Scraped/Raw/29436571-march_reviews.csv
2024-10-12 18:44:26,959 - INFO - Saved 30 reviews for book ID: 29436571-march to Data/Reviews_Scraped/Raw/29436571-march_reviews.csv
2024-10-12 18:44:37,491 - INFO - Saved 30 reviews for book ID: 29436571-march to Data/Reviews_Scraped/Raw/29436571-march_reviews.csv
2024-10-12 18:44:48,658 - INFO - Saved 30 reviews for book ID: 29436571-march to Data/Reviews_Scraped/Raw/29436571-march_reviews.csv
2024-10-12 18:44:59,813 - INFO - Saved 30 reviews for book ID: 29436571-march to Data/Reviews_Scraped/Raw/29436571-march_reviews.csv
2024-10-12 18:45:11,267 - INFO - Saved 30 reviews for book ID: 29436571-march to Data/Reviews_Scraped/Raw/29436571-march_reviews.csv
2024-10-12 18:45:23,217 - INFO - Saved 30 reviews for book ID: 29436571-march to Data/Reviews_Scraped/Raw/29436571-march_reviews.csv
2024-10-12 18:45:35,821 - INFO - Saved 30 reviews for book ID: 29436571-march to Data/Reviews_Scraped/Raw/29436571-march_reviews.csv
2024-10-12 18:45:47,917 - INFO - Saved 30 reviews for book ID: 29436571-march to Data/Reviews_Scraped/Raw/29436571-march_reviews.csv
2024-10-12 18:46:00,002 - INFO - Saved 30 reviews for book ID: 29436571-march to Data/Reviews_Scraped/Raw/29436571-march_reviews.csv
2024-10-12 18:46:12,626 - INFO - Saved 30 reviews for book ID: 29436571-march to Data/Reviews_Scraped/Raw/29436571-march_reviews.csv
2024-10-12 18:46:25,424 - INFO - Saved 30 reviews for book ID: 29436571-march to Data/Reviews_Scraped/Raw/29436571-march_reviews.csv
2024-10-12 18:46:38,983 - INFO - Saved 30 reviews for book ID: 29436571-march to Data/Reviews_Scraped/Raw/29436571-march_reviews.csv
2024-10-12 18:46:52,922 - INFO - Saved 30 reviews for book ID: 29436571-march to Data/Reviews_Scraped/Raw/29436571-march_reviews.csv
2024-10-12 18:47:06,886 - INFO - Saved 30 reviews for book ID: 29436571-march to Data/Reviews_Scraped/Raw/29436571-march_reviews.csv
2024-10-12 18:47:21,203 - INFO - Saved 30 reviews for book ID: 29436571-march to Data/Reviews_Scraped/Raw/29436571-march_reviews.csv
2024-10-12 18:47:36,262 - INFO - Saved 30 reviews for book ID: 29436571-march to Data/Reviews_Scraped/Raw/29436571-march_reviews.csv
2024-10-12 18:47:51,066 - INFO - Saved 30 reviews for book ID: 29436571-march to Data/Reviews_Scraped/Raw/29436571-march_reviews.csv
2024-10-12 18:48:05,921 - INFO - Saved 30 reviews for book ID: 29436571-march to Data/Reviews_Scraped/Raw/29436571-march_reviews.csv
2024-10-12 18:48:21,696 - INFO - Saved 30 reviews for book ID: 29436571-march to Data/Reviews_Scraped/Raw/29436571-march_reviews.csv
2024-10-12 18:48:37,179 - INFO - Saved 30 reviews for book ID: 29436571-march to Data/Reviews_Scraped/Raw/29436571-march_reviews.csv
2024-10-12 18:48:52,943 - INFO - Saved 30 reviews for book ID: 29436571-march to Data/Reviews_Scraped/Raw/29436571-march_reviews.csv
2024-10-12 18:49:09,003 - INFO - Saved 30 reviews for book ID: 29436571-march to Data/Reviews_Scraped/Raw/29436571-march_reviews.csv
2024-10-12 18:49:26,078 - INFO - Saved 30 reviews for book ID: 29436571-march to Data/Reviews_Scraped/Raw/29436571-march_reviews.csv
2024-10-12 18:49:42,812 - INFO - Saved 30 reviews for book ID: 29436571-march to Data/Reviews_Scraped/Raw/29436571-march_reviews.csv
2024-10-12 18:49:59,345 - INFO - Saved 30 reviews for book ID: 29436571-march to Data/Reviews_Scraped/Raw/29436571-march_reviews.csv
2024-10-12 18:50:16,563 - INFO - Saved 30 reviews for book ID: 29436571-march to Data/Reviews_Scraped/Raw/29436571-march_reviews.csv
2024-10-12 18:50:33,613 - INFO - Saved 30 reviews for book ID: 29436571-march to Data/Reviews_Scraped/Raw/29436571-march_reviews.csv
2024-10-12 18:50:51,226 - INFO - Saved 30 reviews for book ID: 29436571-march to Data/Reviews_Scraped/Raw/29436571-march_reviews.csv
2024-10-12 18:51:09,692 - INFO - Saved 30 reviews for book ID: 29436571-march to Data/Reviews_Scraped/Raw/29436571-march_reviews.csv
2024-10-12 18:51:28,910 - INFO - Saved 30 reviews for book ID: 29436571-march to Data/Reviews_Scraped/Raw/29436571-march_reviews.csv
2024-10-12 18:51:48,238 - INFO - Saved 30 reviews for book ID: 29436571-march to Data/Reviews_Scraped/Raw/29436571-march_reviews.csv
2024-10-12 18:52:08,589 - INFO - Saved 30 reviews for book ID: 29436571-march to Data/Reviews_Scraped/Raw/29436571-march_reviews.csv
2024-10-12 18:52:28,679 - INFO - Saved 30 reviews for book ID: 29436571-march to Data/Reviews_Scraped/Raw/29436571-march_reviews.csv
2024-10-12 18:52:49,118 - INFO - Saved 30 reviews for book ID: 29436571-march to Data/Reviews_Scraped/Raw/29436571-march_reviews.csv
2024-10-12 18:53:10,036 - INFO - Saved 30 reviews for book ID: 29436571-march to Data/Reviews_Scraped/Raw/29436571-march_reviews.csv
2024-10-12 18:53:32,117 - INFO - Saved 30 reviews for book ID: 29436571-march to Data/Reviews_Scraped/Raw/29436571-march_reviews.csv
2024-10-12 18:53:53,428 - INFO - Saved 30 reviews for book ID: 29436571-march to Data/Reviews_Scraped/Raw/29436571-march_reviews.csv
2024-10-12 18:54:14,860 - INFO - Saved 30 reviews for book ID: 29436571-march to Data/Reviews_Scraped/Raw/29436571-march_reviews.csv
2024-10-12 18:54:36,511 - INFO - Saved 30 reviews for book ID: 29436571-march to Data/Reviews_Scraped/Raw/29436571-march_reviews.csv
2024-10-12 18:54:58,745 - INFO - Saved 30 reviews for book ID: 29436571-march to Data/Reviews_Scraped/Raw/29436571-march_reviews.csv
2024-10-12 18:55:20,928 - INFO - Saved 30 reviews for book ID: 29436571-march to Data/Reviews_Scraped/Raw/29436571-march_reviews.csv
2024-10-12 18:55:44,003 - INFO - Saved 30 reviews for book ID: 29436571-march to Data/Reviews_Scraped/Raw/29436571-march_reviews.csv
2024-10-12 18:56:06,923 - INFO - Saved 30 reviews for book ID: 29436571-march to Data/Reviews_Scraped/Raw/29436571-march_reviews.csv
2024-10-12 18:56:29,730 - INFO - Saved 30 reviews for book ID: 29436571-march to Data/Reviews_Scraped/Raw/29436571-march_reviews.csv
2024-10-12 18:56:54,084 - INFO - Saved 30 reviews for book ID: 29436571-march to Data/Reviews_Scraped/Raw/29436571-march_reviews.csv
2024-10-12 18:57:17,897 - INFO - Saved 30 reviews for book ID: 29436571-march to Data/Reviews_Scraped/Raw/29436571-march_reviews.csv
2024-10-12 18:57:41,354 - INFO - Saved 30 reviews for book ID: 29436571-march to Data/Reviews_Scraped/Raw/29436571-march_reviews.csv
2024-10-12 18:58:05,487 - INFO - Saved 30 reviews for book ID: 29436571-march to Data/Reviews_Scraped/Raw/29436571-march_reviews.csv
2024-10-12 18:58:30,343 - INFO - Saved 30 reviews for book ID: 29436571-march to Data/Reviews_Scraped/Raw/29436571-march_reviews.csv
2024-10-12 18:58:56,981 - INFO - Saved 30 reviews for book ID: 29436571-march to Data/Reviews_Scraped/Raw/29436571-march_reviews.csv
2024-10-12 18:59:22,268 - INFO - Saved 30 reviews for book ID: 29436571-march to Data/Reviews_Scraped/Raw/29436571-march_reviews.csv
2024-10-12 18:59:48,720 - INFO - Saved 30 reviews for book ID: 29436571-march to Data/Reviews_Scraped/Raw/29436571-march_reviews.csv
2024-10-12 19:00:17,606 - INFO - Saved 30 reviews for book ID: 29436571-march to Data/Reviews_Scraped/Raw/29436571-march_reviews.csv
2024-10-12 19:00:45,643 - INFO - Saved 30 reviews for book ID: 29436571-march to Data/Reviews_Scraped/Raw/29436571-march_reviews.csv
2024-10-12 19:01:13,031 - INFO - Saved 30 reviews for book ID: 29436571-march to Data/Reviews_Scraped/Raw/29436571-march_reviews.csv
2024-10-12 19:01:42,253 - INFO - Saved 30 reviews for book ID: 29436571-march to Data/Reviews_Scraped/Raw/29436571-march_reviews.csv
2024-10-12 19:02:12,164 - INFO - Saved 30 reviews for book ID: 29436571-march to Data/Reviews_Scraped/Raw/29436571-march_reviews.csv
2024-10-12 19:02:42,409 - INFO - Saved 30 reviews for book ID: 29436571-march to Data/Reviews_Scraped/Raw/29436571-march_reviews.csv
2024-10-12 19:03:12,431 - INFO - Saved 30 reviews for book ID: 29436571-march to Data/Reviews_Scraped/Raw/29436571-march_reviews.csv
2024-10-12 19:03:43,083 - INFO - Saved 30 reviews for book ID: 29436571-march to Data/Reviews_Scraped/Raw/29436571-march_reviews.csv
2024-10-12 19:04:14,793 - INFO - Saved 30 reviews for book ID: 29436571-march to Data/Reviews_Scraped/Raw/29436571-march_reviews.csv
2024-10-12 19:04:45,875 - INFO - Saved 18 reviews for book ID: 29436571-march to Data/Reviews_Scraped/Raw/29436571-march_reviews.csv
2024-10-12 19:04:45,941 - INFO - No 'Show more reviews' button found, all reviews are loaded.
2024-10-12 19:04:45,942 - INFO - Restarting WebDriver...
2024-10-12 19:04:53,113 - INFO - ====== WebDriver manager ======
2024-10-12 19:04:55,296 - INFO - Get LATEST chromedriver version for google-chrome
2024-10-12 19:04:55,408 - INFO - Get LATEST chromedriver version for google-chrome
2024-10-12 19:04:55,452 - INFO - Driver [C:\Users\qilinliu\.wdm\drivers\chromedriver\win64\129.0.6668.100\chromedriver-win32/chromedriver.exe] found in cache
2024-10-12 19:05:12,245 - INFO - Driver session closed.
